#
# There is insufficient memory for the Java Runtime Environment to continue.
# Native memory allocation (mmap) failed to map 20971520 bytes for Failed to commit area from 0x00000000a6800000 to 0x00000000a7c00000 of length 20971520.
# Possible reasons:
#   The system is out of physical RAM or swap space
#   The process is running with CompressedOops enabled, and the Java Heap may be blocking the growth of the native heap
# Possible solutions:
#   Reduce memory load on the system
#   Increase physical memory or swap space
#   Check if swap backing store is full
#   Decrease Java heap size (-Xmx/-Xms)
#   Decrease number of Java threads
#   Decrease Java thread stack sizes (-Xss)
#   Set larger code cache with -XX:ReservedCodeCacheSize=
#   JVM is running with Unscaled Compressed Oops mode in which the Java heap is
#     placed in the first 4GB address space. The Java Heap base address is the
#     maximum limit for the native heap growth. Please use -XX:HeapBaseMinAddress
#     to set the Java Heap base and to place the Java Heap above 4GB virtual address.
# This output file may be truncated or incomplete.
#
#  Out of Memory Error (./open/src/hotspot/os/windows/os_windows.cpp:3275), pid=14732, tid=16920
#
# JRE version: Java(TM) SE Runtime Environment 18.9 (11.0.8+10) (build 11.0.8+10-LTS)
# Java VM: Java HotSpot(TM) 64-Bit Server VM 18.9 (11.0.8+10-LTS, mixed mode, tiered, compressed oops, g1 gc, windows-amd64)
# No core dump will be written. Minidumps are not enabled by default on client versions of Windows
#

---------------  S U M M A R Y ------------

Command Line: -Xverify:none -XX:TieredStopAtLevel=1 -Dfile.encoding=windows-1252 -Duser.country=AR -Duser.language=es -Duser.variant com.codeoftheweb.salvo.SalvoApplication

Host: Intel(R) Core(TM) i7-3632QM CPU @ 2.20GHz, 8 cores, 5G,  Windows 10 , 64 bit Build 19041 (10.0.19041.546)
Time: Fri Nov 27 14:48:40 2020 Hora estándar de Argentina elapsed time: 3 seconds (0d 0h 0m 3s)

---------------  T H R E A D  ---------------

Current thread (0x000001d31f525000):  VMThread "VM Thread" [stack: 0x00000065eae00000,0x00000065eaf00000] [id=16920]

Stack: [0x00000065eae00000,0x00000065eaf00000]
[error occurred during error reporting (printing stack bounds), id 0xc0000005, EXCEPTION_ACCESS_VIOLATION (0xc0000005) at pc=0x000001d309760dad]

Native frames: (J=compiled Java code, j=interpreted, Vv=VM code, C=native code)
V  [jvm.dll+0x601aea]
V  [jvm.dll+0x737fef]
V  [jvm.dll+0x739675]
V  [jvm.dll+0x739c55]
V  [jvm.dll+0x739c0b]
V  [jvm.dll+0x6013d3]
V  [jvm.dll+0x601798]
C  [ntdll.dll+0xa10ff]
C  [ntdll.dll+0x4b474]
C  [ntdll.dll+0x9fc2e]
C  0x000001d309760dad

VM_Operation (0x00000065ea8fcce0): G1CollectForAllocation, mode: safepoint, requested by thread 0x000001d37f79f000


---------------  P R O C E S S  ---------------

Threads class SMR info:
_java_thread_list=0x000001d3224ddb20, length=9, elements={
0x000001d37f79f000, 0x000001d31f528000, 0x000001d31f554000, 0x000001d31f563800,
0x000001d31f566000, 0x000001d31f567000, 0x000001d31f573800, 0x000001d320417000,
0x000001d32041d800
}

Java Threads: ( => current thread )
  0x000001d37f79f000 JavaThread "main" [_thread_blocked, id=10468, stack(0x00000065ea800000,0x00000065ea900000)]
  0x000001d31f528000 JavaThread "Reference Handler" daemon [_thread_blocked, id=3684, stack(0x00000065eaf00000,0x00000065eb000000)]
  0x000001d31f554000 JavaThread "Finalizer" daemon [_thread_blocked, id=15616, stack(0x00000065eb000000,0x00000065eb100000)]
  0x000001d31f563800 JavaThread "Signal Dispatcher" daemon [_thread_blocked, id=10092, stack(0x00000065eb100000,0x00000065eb200000)]
  0x000001d31f566000 JavaThread "Attach Listener" daemon [_thread_blocked, id=8084, stack(0x00000065eb200000,0x00000065eb300000)]
  0x000001d31f567000 JavaThread "C1 CompilerThread0" daemon [_thread_blocked, id=10236, stack(0x00000065eb300000,0x00000065eb400000)]
  0x000001d31f573800 JavaThread "Sweeper thread" daemon [_thread_blocked, id=10668, stack(0x00000065eb400000,0x00000065eb500000)]
  0x000001d320417000 JavaThread "Service Thread" daemon [_thread_blocked, id=9928, stack(0x00000065eb500000,0x00000065eb600000)]
  0x000001d32041d800 JavaThread "Common-Cleaner" daemon [_thread_blocked, id=16312, stack(0x00000065eb700000,0x00000065eb800000)]

Other Threads:
=>0x000001d31f525000 VMThread "VM Thread" [stack: 0x00000065eae00000,0x00000065eaf00000] [id=16920]
  0x000001d32041a800 WatcherThread [stack: 0x00000065eb600000,0x00000065eb700000] [id=18068]
  0x000001d37f7b6000 GCTaskThread "GC Thread#0" [stack: 0x00000065ea900000,0x00000065eaa00000] [id=8432]
  0x000001d3211e2000 GCTaskThread "GC Thread#1" [stack: 0x00000065eb800000,0x00000065eb900000] [id=3240]
  0x000001d32243a000 GCTaskThread "GC Thread#2" [stack: 0x00000065eba00000,0x00000065ebb00000] [id=12908]
  0x000001d322438000 GCTaskThread "GC Thread#3" [stack: 0x00000065ebb00000,0x00000065ebc00000] [id=17724]
  0x000001d37f7d8800 ConcurrentGCThread "G1 Main Marker" [stack: 0x00000065eaa00000,0x00000065eab00000] [id=5168]
  0x000001d37f7da800 ConcurrentGCThread "G1 Conc#0" [stack: 0x00000065eab00000,0x00000065eac00000] [id=1764]
  0x000001d322487800 ConcurrentGCThread "G1 Conc#1" [stack: 0x00000065ebc00000,0x00000065ebd00000] [id=12240]
  0x000001d37f851800 ConcurrentGCThread "G1 Refine#0" [stack: 0x00000065eac00000,0x00000065ead00000] [id=14220]
  0x000001d31f3a0800 ConcurrentGCThread "G1 Young RemSet Sampling" [stack: 0x00000065ead00000,0x00000065eae00000] [id=13180]

Threads with active compile tasks:

VM state:at safepoint (normal execution)

VM Mutex/Monitor currently owned by a thread:  ([mutex/lock_event])
[0x000001d37f79ce10] Threads_lock - owner thread: 0x000001d31f525000
[0x000001d37f79c120] Heap_lock - owner thread: 0x000001d37f79f000

Heap address: 0x00000000a0800000, size: 1528 MB, Compressed Oops mode: 32-bit
Narrow klass base: 0x0000000000000000, Narrow klass shift: 3
Compressed class space size: 1073741824 Address: 0x0000000100000000

Heap:
 garbage-first heap   total 118784K, used 15530K [0x00000000a0800000, 0x0000000100000000)
  region size 1024K, 7 young (7168K), 7 survivors (7168K)
 Metaspace       used 30718K, capacity 31799K, committed 32048K, reserved 1089536K
  class space    used 3764K, capacity 4201K, committed 4224K, reserved 1048576K
Heap Regions: E=young(eden), S=young(survivor), O=old, HS=humongous(starts), HC=humongous(continues), CS=collection set, F=free, A=archive, TAMS=top-at-mark-start (previous, next)
|   0|0x00000000a0800000, 0x00000000a0900000, 0x00000000a0900000|100%|HS|  |TAMS 0x00000000a0900000, 0x00000000a0800000| Complete 
|   1|0x00000000a0900000, 0x00000000a0a00000, 0x00000000a0a00000|100%| O|  |TAMS 0x00000000a0a00000, 0x00000000a0900000| Untracked 
|   2|0x00000000a0a00000, 0x00000000a0b00000, 0x00000000a0b00000|100%| O|  |TAMS 0x00000000a0b00000, 0x00000000a0a00000| Untracked 
|   3|0x00000000a0b00000, 0x00000000a0c00000, 0x00000000a0c00000|100%| O|  |TAMS 0x00000000a0c00000, 0x00000000a0b00000| Untracked 
|   4|0x00000000a0c00000, 0x00000000a0d00000, 0x00000000a0d00000|100%| O|  |TAMS 0x00000000a0d00000, 0x00000000a0c00000| Untracked 
|   5|0x00000000a0d00000, 0x00000000a0e00000, 0x00000000a0e00000|100%| O|  |TAMS 0x00000000a0e00000, 0x00000000a0d00000| Untracked 
|   6|0x00000000a0e00000, 0x00000000a0f00000, 0x00000000a0f00000|100%| O|  |TAMS 0x00000000a0e54e00, 0x00000000a0e00000| Untracked 
|   7|0x00000000a0f00000, 0x00000000a1000000, 0x00000000a1000000|100%| O|  |TAMS 0x00000000a0f00000, 0x00000000a0f00000| Untracked 
|   8|0x00000000a1000000, 0x00000000a102aa00, 0x00000000a1100000| 16%| O|  |TAMS 0x00000000a1000000, 0x00000000a1000000| Untracked 
|   9|0x00000000a1100000, 0x00000000a1100000, 0x00000000a1200000|  0%| F|  |TAMS 0x00000000a1100000, 0x00000000a1100000| Untracked 
|  10|0x00000000a1200000, 0x00000000a1200000, 0x00000000a1300000|  0%| F|  |TAMS 0x00000000a1200000, 0x00000000a1200000| Untracked 
|  11|0x00000000a1300000, 0x00000000a1300000, 0x00000000a1400000|  0%| F|  |TAMS 0x00000000a1300000, 0x00000000a1300000| Untracked 
|  12|0x00000000a1400000, 0x00000000a1400000, 0x00000000a1500000|  0%| F|  |TAMS 0x00000000a1400000, 0x00000000a1400000| Untracked 
|  13|0x00000000a1500000, 0x00000000a1500000, 0x00000000a1600000|  0%| F|  |TAMS 0x00000000a1500000, 0x00000000a1500000| Untracked 
|  14|0x00000000a1600000, 0x00000000a1600000, 0x00000000a1700000|  0%| F|  |TAMS 0x00000000a1600000, 0x00000000a1600000| Untracked 
|  15|0x00000000a1700000, 0x00000000a1700000, 0x00000000a1800000|  0%| F|  |TAMS 0x00000000a1700000, 0x00000000a1700000| Untracked 
|  16|0x00000000a1800000, 0x00000000a1800000, 0x00000000a1900000|  0%| F|  |TAMS 0x00000000a1800000, 0x00000000a1800000| Untracked 
|  17|0x00000000a1900000, 0x00000000a1900000, 0x00000000a1a00000|  0%| F|  |TAMS 0x00000000a1900000, 0x00000000a1900000| Untracked 
|  18|0x00000000a1a00000, 0x00000000a1a00000, 0x00000000a1b00000|  0%| F|  |TAMS 0x00000000a1a00000, 0x00000000a1a00000| Untracked 
|  19|0x00000000a1b00000, 0x00000000a1b00000, 0x00000000a1c00000|  0%| F|  |TAMS 0x00000000a1b00000, 0x00000000a1b00000| Untracked 
|  20|0x00000000a1c00000, 0x00000000a1c00000, 0x00000000a1d00000|  0%| F|  |TAMS 0x00000000a1c00000, 0x00000000a1c00000| Untracked 
|  21|0x00000000a1d00000, 0x00000000a1d00000, 0x00000000a1e00000|  0%| F|  |TAMS 0x00000000a1d00000, 0x00000000a1d00000| Untracked 
|  22|0x00000000a1e00000, 0x00000000a1e00000, 0x00000000a1f00000|  0%| F|  |TAMS 0x00000000a1e00000, 0x00000000a1e00000| Untracked 
|  23|0x00000000a1f00000, 0x00000000a1f00000, 0x00000000a2000000|  0%| F|  |TAMS 0x00000000a1f00000, 0x00000000a1f00000| Untracked 
|  24|0x00000000a2000000, 0x00000000a2000000, 0x00000000a2100000|  0%| F|  |TAMS 0x00000000a2000000, 0x00000000a2000000| Untracked 
|  25|0x00000000a2100000, 0x00000000a2100000, 0x00000000a2200000|  0%| F|  |TAMS 0x00000000a2100000, 0x00000000a2100000| Untracked 
|  26|0x00000000a2200000, 0x00000000a2200000, 0x00000000a2300000|  0%| F|  |TAMS 0x00000000a2200000, 0x00000000a2200000| Untracked 
|  27|0x00000000a2300000, 0x00000000a2300000, 0x00000000a2400000|  0%| F|  |TAMS 0x00000000a2300000, 0x00000000a2300000| Untracked 
|  28|0x00000000a2400000, 0x00000000a2400000, 0x00000000a2500000|  0%| F|  |TAMS 0x00000000a2400000, 0x00000000a2400000| Untracked 
|  29|0x00000000a2500000, 0x00000000a2500000, 0x00000000a2600000|  0%| F|  |TAMS 0x00000000a2500000, 0x00000000a2500000| Untracked 
|  30|0x00000000a2600000, 0x00000000a2600000, 0x00000000a2700000|  0%| F|  |TAMS 0x00000000a2600000, 0x00000000a2600000| Untracked 
|  31|0x00000000a2700000, 0x00000000a2700000, 0x00000000a2800000|  0%| F|  |TAMS 0x00000000a2700000, 0x00000000a2700000| Untracked 
|  32|0x00000000a2800000, 0x00000000a2900000, 0x00000000a2900000|100%| S|CS|TAMS 0x00000000a2800000, 0x00000000a2800000| Complete 
|  33|0x00000000a2900000, 0x00000000a2a00000, 0x00000000a2a00000|100%| S|CS|TAMS 0x00000000a2900000, 0x00000000a2900000| Complete 
|  34|0x00000000a2a00000, 0x00000000a2a00000, 0x00000000a2b00000|  0%| F|  |TAMS 0x00000000a2a00000, 0x00000000a2a00000| Untracked 
|  35|0x00000000a2b00000, 0x00000000a2b00000, 0x00000000a2c00000|  0%| F|  |TAMS 0x00000000a2b00000, 0x00000000a2b00000| Untracked 
|  36|0x00000000a2c00000, 0x00000000a2c00000, 0x00000000a2d00000|  0%| F|  |TAMS 0x00000000a2c00000, 0x00000000a2c00000| Untracked 
|  37|0x00000000a2d00000, 0x00000000a2d00000, 0x00000000a2e00000|  0%| F|  |TAMS 0x00000000a2d00000, 0x00000000a2d00000| Untracked 
|  38|0x00000000a2e00000, 0x00000000a2e00000, 0x00000000a2f00000|  0%| F|  |TAMS 0x00000000a2e00000, 0x00000000a2e00000| Untracked 
|  39|0x00000000a2f00000, 0x00000000a3000000, 0x00000000a3000000|100%| S|CS|TAMS 0x00000000a2f00000, 0x00000000a2f00000| Complete 
|  40|0x00000000a3000000, 0x00000000a3100000, 0x00000000a3100000|100%| S|CS|TAMS 0x00000000a3000000, 0x00000000a3000000| Complete 
|  41|0x00000000a3100000, 0x00000000a3200000, 0x00000000a3200000|100%| S|CS|TAMS 0x00000000a3100000, 0x00000000a3100000| Complete 
|  42|0x00000000a3200000, 0x00000000a3300000, 0x00000000a3300000|100%| S|CS|TAMS 0x00000000a3200000, 0x00000000a3200000| Complete 
|  43|0x00000000a3300000, 0x00000000a3400000, 0x00000000a3400000|100%| S|CS|TAMS 0x00000000a3300000, 0x00000000a3300000| Complete 
|  44|0x00000000a3400000, 0x00000000a3400000, 0x00000000a3500000|  0%| F|  |TAMS 0x00000000a3400000, 0x00000000a3400000| Untracked 
|  45|0x00000000a3500000, 0x00000000a3500000, 0x00000000a3600000|  0%| F|  |TAMS 0x00000000a3500000, 0x00000000a3500000| Untracked 
|  46|0x00000000a3600000, 0x00000000a3600000, 0x00000000a3700000|  0%| F|  |TAMS 0x00000000a3600000, 0x00000000a3600000| Untracked 
|  47|0x00000000a3700000, 0x00000000a3700000, 0x00000000a3800000|  0%| F|  |TAMS 0x00000000a3700000, 0x00000000a3700000| Untracked 
|  48|0x00000000a3800000, 0x00000000a3800000, 0x00000000a3900000|  0%| F|  |TAMS 0x00000000a3800000, 0x00000000a3800000| Untracked 
|  49|0x00000000a3900000, 0x00000000a3900000, 0x00000000a3a00000|  0%| F|  |TAMS 0x00000000a3900000, 0x00000000a3900000| Untracked 
|  50|0x00000000a3a00000, 0x00000000a3a00000, 0x00000000a3b00000|  0%| F|  |TAMS 0x00000000a3a00000, 0x00000000a3a00000| Untracked 
|  51|0x00000000a3b00000, 0x00000000a3b00000, 0x00000000a3c00000|  0%| F|  |TAMS 0x00000000a3b00000, 0x00000000a3b00000| Untracked 
|  52|0x00000000a3c00000, 0x00000000a3c00000, 0x00000000a3d00000|  0%| F|  |TAMS 0x00000000a3c00000, 0x00000000a3c00000| Untracked 
|  53|0x00000000a3d00000, 0x00000000a3d00000, 0x00000000a3e00000|  0%| F|  |TAMS 0x00000000a3d00000, 0x00000000a3d00000| Untracked 
|  54|0x00000000a3e00000, 0x00000000a3e00000, 0x00000000a3f00000|  0%| F|  |TAMS 0x00000000a3e00000, 0x00000000a3e00000| Untracked 
|  55|0x00000000a3f00000, 0x00000000a3f00000, 0x00000000a4000000|  0%| F|  |TAMS 0x00000000a3f00000, 0x00000000a3f00000| Untracked 
|  56|0x00000000a4000000, 0x00000000a4000000, 0x00000000a4100000|  0%| F|  |TAMS 0x00000000a4000000, 0x00000000a4000000| Untracked 
|  57|0x00000000a4100000, 0x00000000a4100000, 0x00000000a4200000|  0%| F|  |TAMS 0x00000000a4100000, 0x00000000a4100000| Untracked 
|  58|0x00000000a4200000, 0x00000000a4200000, 0x00000000a4300000|  0%| F|  |TAMS 0x00000000a4200000, 0x00000000a4200000| Untracked 
|  59|0x00000000a4300000, 0x00000000a4300000, 0x00000000a4400000|  0%| F|  |TAMS 0x00000000a4300000, 0x00000000a4300000| Untracked 
|  60|0x00000000a4400000, 0x00000000a4400000, 0x00000000a4500000|  0%| F|  |TAMS 0x00000000a4400000, 0x00000000a4400000| Untracked 
|  61|0x00000000a4500000, 0x00000000a4500000, 0x00000000a4600000|  0%| F|  |TAMS 0x00000000a4500000, 0x00000000a4500000| Untracked 
|  62|0x00000000a4600000, 0x00000000a4600000, 0x00000000a4700000|  0%| F|  |TAMS 0x00000000a4600000, 0x00000000a4600000| Untracked 
|  63|0x00000000a4700000, 0x00000000a4700000, 0x00000000a4800000|  0%| F|  |TAMS 0x00000000a4700000, 0x00000000a4700000| Untracked 
|  64|0x00000000a4800000, 0x00000000a4800000, 0x00000000a4900000|  0%| F|  |TAMS 0x00000000a4800000, 0x00000000a4800000| Untracked 
|  65|0x00000000a4900000, 0x00000000a4900000, 0x00000000a4a00000|  0%| F|  |TAMS 0x00000000a4900000, 0x00000000a4900000| Untracked 
|  66|0x00000000a4a00000, 0x00000000a4a00000, 0x00000000a4b00000|  0%| F|  |TAMS 0x00000000a4a00000, 0x00000000a4a00000| Untracked 
|  67|0x00000000a4b00000, 0x00000000a4b00000, 0x00000000a4c00000|  0%| F|  |TAMS 0x00000000a4b00000, 0x00000000a4b00000| Untracked 
|  68|0x00000000a4c00000, 0x00000000a4c00000, 0x00000000a4d00000|  0%| F|  |TAMS 0x00000000a4c00000, 0x00000000a4c00000| Untracked 
|  69|0x00000000a4d00000, 0x00000000a4d00000, 0x00000000a4e00000|  0%| F|  |TAMS 0x00000000a4d00000, 0x00000000a4d00000| Untracked 
|  70|0x00000000a4e00000, 0x00000000a4e00000, 0x00000000a4f00000|  0%| F|  |TAMS 0x00000000a4e00000, 0x00000000a4e00000| Untracked 
|  71|0x00000000a4f00000, 0x00000000a4f00000, 0x00000000a5000000|  0%| F|  |TAMS 0x00000000a4f00000, 0x00000000a4f00000| Untracked 
|  72|0x00000000a5000000, 0x00000000a5000000, 0x00000000a5100000|  0%| F|  |TAMS 0x00000000a5000000, 0x00000000a5000000| Untracked 
|  73|0x00000000a5100000, 0x00000000a5100000, 0x00000000a5200000|  0%| F|  |TAMS 0x00000000a5100000, 0x00000000a5100000| Untracked 
|  74|0x00000000a5200000, 0x00000000a5200000, 0x00000000a5300000|  0%| F|  |TAMS 0x00000000a5200000, 0x00000000a5200000| Untracked 
|  75|0x00000000a5300000, 0x00000000a5300000, 0x00000000a5400000|  0%| F|  |TAMS 0x00000000a5300000, 0x00000000a5300000| Untracked 
|  76|0x00000000a5400000, 0x00000000a5400000, 0x00000000a5500000|  0%| F|  |TAMS 0x00000000a5400000, 0x00000000a5400000| Untracked 
|  77|0x00000000a5500000, 0x00000000a5500000, 0x00000000a5600000|  0%| F|  |TAMS 0x00000000a5500000, 0x00000000a5500000| Untracked 
|  78|0x00000000a5600000, 0x00000000a5600000, 0x00000000a5700000|  0%| F|  |TAMS 0x00000000a5600000, 0x00000000a5600000| Untracked 
|  79|0x00000000a5700000, 0x00000000a5700000, 0x00000000a5800000|  0%| F|  |TAMS 0x00000000a5700000, 0x00000000a5700000| Untracked 
|  80|0x00000000a5800000, 0x00000000a5800000, 0x00000000a5900000|  0%| F|  |TAMS 0x00000000a5800000, 0x00000000a5800000| Untracked 
|  81|0x00000000a5900000, 0x00000000a5900000, 0x00000000a5a00000|  0%| F|  |TAMS 0x00000000a5900000, 0x00000000a5900000| Untracked 
|  82|0x00000000a5a00000, 0x00000000a5a00000, 0x00000000a5b00000|  0%| F|  |TAMS 0x00000000a5a00000, 0x00000000a5a00000| Untracked 
|  83|0x00000000a5b00000, 0x00000000a5b00000, 0x00000000a5c00000|  0%| F|  |TAMS 0x00000000a5b00000, 0x00000000a5b00000| Untracked 
|  84|0x00000000a5c00000, 0x00000000a5c00000, 0x00000000a5d00000|  0%| F|  |TAMS 0x00000000a5c00000, 0x00000000a5c00000| Untracked 
|  85|0x00000000a5d00000, 0x00000000a5d00000, 0x00000000a5e00000|  0%| F|  |TAMS 0x00000000a5d00000, 0x00000000a5d00000| Untracked 
|  86|0x00000000a5e00000, 0x00000000a5e00000, 0x00000000a5f00000|  0%| F|  |TAMS 0x00000000a5e00000, 0x00000000a5e00000| Untracked 
|  87|0x00000000a5f00000, 0x00000000a5f00000, 0x00000000a6000000|  0%| F|  |TAMS 0x00000000a5f00000, 0x00000000a5f00000| Untracked 
|  88|0x00000000a6000000, 0x00000000a6000000, 0x00000000a6100000|  0%| F|  |TAMS 0x00000000a6000000, 0x00000000a6000000| Untracked 
|  89|0x00000000a6100000, 0x00000000a6100000, 0x00000000a6200000|  0%| F|  |TAMS 0x00000000a6100000, 0x00000000a6100000| Untracked 
|  90|0x00000000a6200000, 0x00000000a6200000, 0x00000000a6300000|  0%| F|  |TAMS 0x00000000a6200000, 0x00000000a6200000| Untracked 
|  91|0x00000000a6300000, 0x00000000a6300000, 0x00000000a6400000|  0%| F|  |TAMS 0x00000000a6300000, 0x00000000a6300000| Untracked 
|  92|0x00000000a6400000, 0x00000000a6400000, 0x00000000a6500000|  0%| F|  |TAMS 0x00000000a6400000, 0x00000000a6400000| Untracked 
|  93|0x00000000a6500000, 0x00000000a6500000, 0x00000000a6600000|  0%| F|  |TAMS 0x00000000a6500000, 0x00000000a6500000| Untracked 
|  94|0x00000000a6600000, 0x00000000a6600000, 0x00000000a6700000|  0%| F|  |TAMS 0x00000000a6600000, 0x00000000a6600000| Untracked 
|  95|0x00000000a6700000, 0x00000000a6700000, 0x00000000a6800000|  0%| F|  |TAMS 0x00000000a6700000, 0x00000000a6700000| Untracked 

Card table byte_map: [0x000001d3194d0000,0x000001d3197d0000] _byte_map_base: 0x000001d318fcc000

Marking Bits (Prev, Next): (CMBitMap*) 0x000001d37f7d1ce0, (CMBitMap*) 0x000001d37f7d1ca8
 Prev Bits: [0x000001d31b2b0000, 0x000001d31ca90000)
 Next Bits: [0x000001d319ad0000, 0x000001d31b2b0000)

Polling page: 0x000001d301410000

Metaspace:

Usage:
  Non-class:     26.95 MB capacity,    26.32 MB ( 98%) used,   523.87 KB (  2%) free+waste,   120.06 KB ( <1%) overhead. 
      Class:      4.10 MB capacity,     3.68 MB ( 90%) used,   379.30 KB (  9%) free+waste,    57.69 KB (  1%) overhead. 
       Both:     31.05 MB capacity,    30.00 MB ( 97%) used,   903.17 KB (  3%) free+waste,   177.75 KB ( <1%) overhead. 

Virtual space:
  Non-class space:       40.00 MB reserved,      27.17 MB ( 68%) committed 
      Class space:        1.00 GB reserved,       4.13 MB ( <1%) committed 
             Both:        1.04 GB reserved,      31.30 MB (  3%) committed 

Chunk freelists:
   Non-Class:  4.25 KB
       Class:  2.88 KB
        Both:  7.13 KB

CodeHeap 'non-profiled nmethods': size=238336Kb used=5476Kb max_used=5476Kb free=232860Kb
 bounds [0x000001d309ea0000, 0x000001d30a400000, 0x000001d318760000]
CodeHeap 'non-nmethods': size=7424Kb used=1128Kb max_used=1128Kb free=6296Kb
 bounds [0x000001d309760000, 0x000001d3099d0000, 0x000001d309ea0000]
 total_blobs=3784 nmethods=3343 adapters=367
 compilation: enabled
              stopped_count=0, restarted_count=0
 full_count=0

Compilation events (10 events):
Event: 3.395 Thread 0x000001d31f567000 3358   !   1       sun.net.www.protocol.jar.JarFileFactory::get (217 bytes)
Event: 3.397 Thread 0x000001d31f567000 nmethod 3358 0x000001d30a3f6290 code [0x000001d30a3f6580, 0x000001d30a3f71a0]
Event: 3.397 Thread 0x000001d31f567000 3359   !   1       sun.net.www.protocol.jar.JarURLConnection$JarURLInputStream::close (51 bytes)
Event: 3.397 Thread 0x000001d31f567000 nmethod 3359 0x000001d30a3f7990 code [0x000001d30a3f7b80, 0x000001d30a3f7df0]
Event: 3.399 Thread 0x000001d31f567000 3360       1       java.util.logging.Level::intValue (5 bytes)
Event: 3.399 Thread 0x000001d31f567000 nmethod 3360 0x000001d30a3f7f90 code [0x000001d30a3f8120, 0x000001d30a3f8238]
Event: 3.410 Thread 0x000001d31f567000 3361       1       java.util.BitSet::expandTo (23 bytes)
Event: 3.410 Thread 0x000001d31f567000 nmethod 3361 0x000001d30a3f8290 code [0x000001d30a3f8440, 0x000001d30a3f85b0]
Event: 3.410 Thread 0x000001d31f567000 3362       1       java.util.BitSet::set (58 bytes)
Event: 3.411 Thread 0x000001d31f567000 nmethod 3362 0x000001d30a3f8690 code [0x000001d30a3f88a0, 0x000001d30a3f8d60]

GC Heap History (9 events):
Event: 0.819 GC heap before
{Heap before GC invocations=0 (full 0):
 garbage-first heap   total 98304K, used 24576K [0x00000000a0800000, 0x0000000100000000)
  region size 1024K, 24 young (24576K), 0 survivors (0K)
 Metaspace       used 11290K, capacity 11588K, committed 11776K, reserved 1071104K
  class space    used 1159K, capacity 1254K, committed 1280K, reserved 1048576K
}
Event: 0.827 GC heap after
{Heap after GC invocations=1 (full 0):
 garbage-first heap   total 98304K, used 6329K [0x00000000a0800000, 0x0000000100000000)
  region size 1024K, 3 young (3072K), 3 survivors (3072K)
 Metaspace       used 11290K, capacity 11588K, committed 11776K, reserved 1071104K
  class space    used 1159K, capacity 1254K, committed 1280K, reserved 1048576K
}
Event: 1.495 GC heap before
{Heap before GC invocations=1 (full 0):
 garbage-first heap   total 98304K, used 60601K [0x00000000a0800000, 0x0000000100000000)
  region size 1024K, 57 young (58368K), 3 survivors (3072K)
 Metaspace       used 20278K, capacity 20858K, committed 21120K, reserved 1081344K
  class space    used 2342K, capacity 2616K, committed 2688K, reserved 1048576K
}
Event: 1.501 GC heap after
{Heap after GC invocations=2 (full 0):
 garbage-first heap   total 98304K, used 8569K [0x00000000a0800000, 0x0000000100000000)
  region size 1024K, 6 young (6144K), 6 survivors (6144K)
 Metaspace       used 20278K, capacity 20858K, committed 21120K, reserved 1081344K
  class space    used 2342K, capacity 2616K, committed 2688K, reserved 1048576K
}
Event: 1.524 GC heap before
{Heap before GC invocations=2 (full 0):
 garbage-first heap   total 98304K, used 39289K [0x00000000a0800000, 0x0000000100000000)
  region size 1024K, 38 young (38912K), 6 survivors (6144K)
 Metaspace       used 20585K, capacity 21146K, committed 21296K, reserved 1081344K
  class space    used 2365K, capacity 2648K, committed 2688K, reserved 1048576K
}
Event: 1.529 GC heap after
{Heap after GC invocations=3 (full 0):
 garbage-first heap   total 98304K, used 9235K [0x00000000a0800000, 0x0000000100000000)
  region size 1024K, 3 young (3072K), 3 survivors (3072K)
 Metaspace       used 20585K, capacity 21146K, committed 21296K, reserved 1081344K
  class space    used 2365K, capacity 2648K, committed 2688K, reserved 1048576K
}
Event: 2.372 GC heap before
{Heap before GC invocations=4 (full 0):
 garbage-first heap   total 98304K, used 64531K [0x00000000a0800000, 0x0000000100000000)
  region size 1024K, 57 young (58368K), 3 survivors (3072K)
 Metaspace       used 25234K, capacity 26036K, committed 26160K, reserved 1085440K
  class space    used 3054K, capacity 3397K, committed 3456K, reserved 1048576K
}
Event: 2.381 GC heap after
{Heap after GC invocations=5 (full 0):
 garbage-first heap   total 98304K, used 11472K [0x00000000a0800000, 0x0000000100000000)
  region size 1024K, 5 young (5120K), 5 survivors (5120K)
 Metaspace       used 25234K, capacity 26036K, committed 26160K, reserved 1085440K
  class space    used 3054K, capacity 3397K, committed 3456K, reserved 1048576K
}
Event: 3.419 GC heap before
{Heap before GC invocations=5 (full 0):
 garbage-first heap   total 98304K, used 63696K [0x00000000a0800000, 0x0000000100000000)
  region size 1024K, 57 young (58368K), 5 survivors (5120K)
 Metaspace       used 30718K, capacity 31799K, committed 32048K, reserved 1089536K
  class space    used 3764K, capacity 4201K, committed 4224K, reserved 1048576K
}

Deoptimization events (0 events):
No events

Classes redefined (0 events):
No events

Internal exceptions (10 events):
Event: 2.898 Thread 0x000001d37f79f000 Exception <a 'java/lang/ClassNotFoundException'{0x00000000a4574eb0}: org/springframework/boot/autoconfigure/web/servlet/DispatcherServletRegistrationBeanCustomizer> (0x00000000a4574eb0) thrown at [./open/src/hotspot/share/classfile/systemDictionary.cpp, l
Event: 2.899 Thread 0x000001d37f79f000 Exception <a 'java/lang/ClassNotFoundException'{0x00000000a4599850}: org/springframework/boot/autoconfigure/web/servlet/DispatcherServletPathCustomizer> (0x00000000a4599850) thrown at [./open/src/hotspot/share/classfile/systemDictionary.cpp, line 228]
Event: 2.900 Thread 0x000001d37f79f000 Exception <a 'java/lang/ClassNotFoundException'{0x00000000a45af750}: org/springframework/boot/web/servlet/ServletContextInitializerCustomizer> (0x00000000a45af750) thrown at [./open/src/hotspot/share/classfile/systemDictionary.cpp, line 228]
Event: 2.900 Thread 0x000001d37f79f000 Exception <a 'java/lang/ClassNotFoundException'{0x00000000a45bdd80}: org/springframework/core/OrderedCustomizer> (0x00000000a45bdd80) thrown at [./open/src/hotspot/share/classfile/systemDictionary.cpp, line 228]
Event: 2.902 Thread 0x000001d37f79f000 Exception <a 'java/lang/ClassNotFoundException'{0x00000000a45d5280}: java/lang/ObjectCustomizer> (0x00000000a45d5280) thrown at [./open/src/hotspot/share/classfile/systemDictionary.cpp, line 228]
Event: 2.902 Thread 0x000001d37f79f000 Exception <a 'java/lang/ClassNotFoundException'{0x00000000a45ed5e8}: org/springframework/boot/autoconfigure/web/servlet/error/ErrorMvcAutoConfiguration$ErrorPageCustomizerCustomizer> (0x00000000a45ed5e8) thrown at [./open/src/hotspot/share/classfile/syste
Event: 2.903 Thread 0x000001d37f79f000 Exception <a 'java/lang/ClassNotFoundException'{0x00000000a4401fe8}: org/springframework/boot/web/server/ErrorPageRegistrarCustomizer> (0x00000000a4401fe8) thrown at [./open/src/hotspot/share/classfile/systemDictionary.cpp, line 228]
Event: 2.904 Thread 0x000001d37f79f000 Exception <a 'java/lang/ClassNotFoundException'{0x00000000a4410210}: org/springframework/core/OrderedCustomizer> (0x00000000a4410210) thrown at [./open/src/hotspot/share/classfile/systemDictionary.cpp, line 228]
Event: 2.932 Thread 0x000001d37f79f000 Exception <a 'java/lang/NoSuchMethodError'{0x00000000a43b7880}: java.lang.invoke.DirectMethodHandle$Holder.invokeStaticInit(Ljava/lang/Object;IIII)Ljava/lang/Object;> (0x00000000a43b7880) thrown at [./open/src/hotspot/share/interpreter/linkResolver.cpp, l
Event: 3.259 Thread 0x000001d37f79f000 Exception <a 'java/lang/NoSuchMethodError'{0x00000000a4208c30}: java.lang.invoke.DirectMethodHandle$Holder.invokeStaticInit(Ljava/lang/Object;Ljava/lang/Object;IIII)Ljava/lang/Object;> (0x00000000a4208c30) thrown at [./open/src/hotspot/share/interpreter/l

Events (10 events):
Event: 3.413 loading class java/util/jar/JarVerifier done
Event: 3.413 loading class java/security/CodeSigner
Event: 3.413 loading class java/security/CodeSigner done
Event: 3.413 loading class sun/security/util/ManifestEntryVerifier
Event: 3.414 loading class sun/security/util/ManifestEntryVerifier done
Event: 3.414 loading class org/apache/catalina/util/ManifestResource
Event: 3.414 loading class org/apache/catalina/util/ManifestResource done
Event: 3.415 loading class org/apache/catalina/util/Extension
Event: 3.415 loading class org/apache/catalina/util/Extension done
Event: 3.418 Executing VM operation: G1CollectForAllocation


Dynamic libraries:
0x00007ff6f8f20000 - 0x00007ff6f8f2f000 	C:\Program Files\Java\jdk-11.0.8\bin\java.exe
0x00007ffc048d0000 - 0x00007ffc04ac6000 	C:\WINDOWS\SYSTEM32\ntdll.dll
0x00007ffc04670000 - 0x00007ffc0472d000 	C:\WINDOWS\System32\KERNEL32.DLL
0x00007ffc025b0000 - 0x00007ffc02878000 	C:\WINDOWS\System32\KERNELBASE.dll
0x00007ffbff910000 - 0x00007ffbff9a0000 	C:\WINDOWS\SYSTEM32\apphelp.dll
0x00007ffc02350000 - 0x00007ffc02450000 	C:\WINDOWS\System32\ucrtbase.dll
0x00007ffbee890000 - 0x00007ffbee8a8000 	C:\Program Files\Java\jdk-11.0.8\bin\jli.dll
0x00007ffbf19f0000 - 0x00007ffbf1a05000 	C:\Program Files\Java\jdk-11.0.8\bin\VCRUNTIME140.dll
0x00007ffc04270000 - 0x00007ffc0431c000 	C:\WINDOWS\System32\ADVAPI32.dll
0x00007ffc040c0000 - 0x00007ffc0415e000 	C:\WINDOWS\System32\msvcrt.dll
0x00007ffc041d0000 - 0x00007ffc0426b000 	C:\WINDOWS\System32\sechost.dll
0x00007ffc03610000 - 0x00007ffc03734000 	C:\WINDOWS\System32\RPCRT4.dll
0x00007ffc03770000 - 0x00007ffc03910000 	C:\WINDOWS\System32\USER32.dll
0x00007ffc02250000 - 0x00007ffc02272000 	C:\WINDOWS\System32\win32u.dll
0x00007ffbf1fa0000 - 0x00007ffbf223b000 	C:\WINDOWS\WinSxS\amd64_microsoft.windows.common-controls_6595b64144ccf1df_6.0.19041.488_none_ca04af081b815d21\COMCTL32.dll
0x00007ffc03740000 - 0x00007ffc0376a000 	C:\WINDOWS\System32\GDI32.dll
0x00007ffc02010000 - 0x00007ffc02119000 	C:\WINDOWS\System32\gdi32full.dll
0x00007ffc02280000 - 0x00007ffc0231d000 	C:\WINDOWS\System32\msvcp_win.dll
0x00007ffbfc4a0000 - 0x00007ffbfc4aa000 	C:\WINDOWS\SYSTEM32\VERSION.dll
0x00007ffc03d30000 - 0x00007ffc03d60000 	C:\WINDOWS\System32\IMM32.DLL
0x00007ffbd7a50000 - 0x00007ffbd7aeb000 	C:\Program Files\Java\jdk-11.0.8\bin\msvcp140.dll
0x00007ffbb0370000 - 0x00007ffbb0e56000 	C:\Program Files\Java\jdk-11.0.8\bin\server\jvm.dll
0x00007ffc030e0000 - 0x00007ffc030e8000 	C:\WINDOWS\System32\PSAPI.DLL
0x00007ffbea5a0000 - 0x00007ffbea5a9000 	C:\WINDOWS\SYSTEM32\WSOCK32.dll
0x00007ffbf7e90000 - 0x00007ffbf7eb7000 	C:\WINDOWS\SYSTEM32\WINMM.dll
0x00007ffc04160000 - 0x00007ffc041cb000 	C:\WINDOWS\System32\WS2_32.dll
0x00007ffbfff60000 - 0x00007ffbfff72000 	C:\WINDOWS\SYSTEM32\kernel.appcore.dll
0x00007ffbfce70000 - 0x00007ffbfce80000 	C:\Program Files\Java\jdk-11.0.8\bin\verify.dll
0x00007ffbfa740000 - 0x00007ffbfa924000 	C:\WINDOWS\SYSTEM32\DBGHELP.DLL
0x00007ffbf5b70000 - 0x00007ffbf5b9c000 	C:\WINDOWS\SYSTEM32\dbgcore.DLL
0x00007ffc02120000 - 0x00007ffc0219f000 	C:\WINDOWS\System32\bcryptPrimitives.dll
0x00007ffbdbbd0000 - 0x00007ffbdbbf8000 	C:\Program Files\Java\jdk-11.0.8\bin\java.dll
0x00007ffbfce10000 - 0x00007ffbfce1a000 	C:\Program Files\Java\jdk-11.0.8\bin\jimage.dll
0x00007ffbdfa00000 - 0x00007ffbdfa16000 	C:\Program Files\Java\jdk-11.0.8\bin\zip.dll
0x00007ffc02990000 - 0x00007ffc030d1000 	C:\WINDOWS\System32\SHELL32.dll
0x00007ffc00160000 - 0x00007ffc008f5000 	C:\WINDOWS\SYSTEM32\windows.storage.dll
0x00007ffc03970000 - 0x00007ffc03cc5000 	C:\WINDOWS\System32\combase.dll
0x00007ffc01a10000 - 0x00007ffc01a3c000 	C:\WINDOWS\SYSTEM32\Wldp.dll
0x00007ffc03560000 - 0x00007ffc0360e000 	C:\WINDOWS\System32\SHCORE.dll
0x00007ffc02930000 - 0x00007ffc02985000 	C:\WINDOWS\System32\shlwapi.dll
0x00007ffc01f40000 - 0x00007ffc01f66000 	C:\WINDOWS\SYSTEM32\profapi.dll
0x00007ffbfd0d0000 - 0x00007ffbfd0e9000 	C:\Program Files\Java\jdk-11.0.8\bin\net.dll
0x00007ffbf7200000 - 0x00007ffbf7300000 	C:\WINDOWS\SYSTEM32\WINHTTP.dll
0x00007ffc01790000 - 0x00007ffc017fa000 	C:\WINDOWS\system32\mswsock.dll
0x00007ffbfcdc0000 - 0x00007ffbfcdd2000 	C:\Program Files\Java\jdk-11.0.8\bin\nio.dll
0x00007ffbfdec0000 - 0x00007ffbfdec9000 	C:\Program Files\Java\jdk-11.0.8\bin\management.dll
0x00007ffbfdea0000 - 0x00007ffbfdeab000 	C:\Program Files\Java\jdk-11.0.8\bin\management_ext.dll
0x00007ffbd84e0000 - 0x00007ffbd84f7000 	C:\WINDOWS\system32\napinsp.dll
0x00007ffbd84c0000 - 0x00007ffbd84db000 	C:\WINDOWS\system32\pnrpnsp.dll
0x00007ffbee640000 - 0x00007ffbee655000 	C:\WINDOWS\system32\wshbth.dll
0x00007ffbfdd80000 - 0x00007ffbfdd9d000 	C:\WINDOWS\system32\NLAapi.dll
0x00007ffc01420000 - 0x00007ffc0145b000 	C:\WINDOWS\SYSTEM32\IPHLPAPI.DLL
0x00007ffc01460000 - 0x00007ffc0152b000 	C:\WINDOWS\SYSTEM32\DNSAPI.dll
0x00007ffc04730000 - 0x00007ffc04738000 	C:\WINDOWS\System32\NSI.dll
0x00007ffbd8460000 - 0x00007ffbd8472000 	C:\WINDOWS\System32\winrnr.dll
0x00007ffbfa450000 - 0x00007ffbfa45a000 	C:\Windows\System32\rasadhlp.dll
0x00007ffbf70a0000 - 0x00007ffbf711f000 	C:\WINDOWS\System32\fwpuclnt.dll
0x00007ffc02320000 - 0x00007ffc02347000 	C:\WINDOWS\System32\bcrypt.dll
0x00007ffc01960000 - 0x00007ffc01978000 	C:\WINDOWS\SYSTEM32\CRYPTSP.dll
0x00007ffc010c0000 - 0x00007ffc010f4000 	C:\WINDOWS\system32\rsaenh.dll
0x00007ffc01ec0000 - 0x00007ffc01eee000 	C:\WINDOWS\SYSTEM32\USERENV.dll
0x00007ffc01980000 - 0x00007ffc0198c000 	C:\WINDOWS\SYSTEM32\CRYPTBASE.dll
0x00007ffbfbfd0000 - 0x00007ffbfbfe7000 	C:\WINDOWS\SYSTEM32\dhcpcsvc6.DLL
0x00007ffbfb290000 - 0x00007ffbfb2ad000 	C:\WINDOWS\SYSTEM32\dhcpcsvc.DLL

dbghelp: loaded successfully - version: 4.0.5 - missing functions: none
symbol engine: initialized successfully - sym options: 0x614 - pdb path: .;C:\Program Files\Java\jdk-11.0.8\bin;C:\WINDOWS\SYSTEM32;C:\WINDOWS\WinSxS\amd64_microsoft.windows.common-controls_6595b64144ccf1df_6.0.19041.488_none_ca04af081b815d21;C:\Program Files\Java\jdk-11.0.8\bin\server

VM Arguments:
jvm_args: -Xverify:none -XX:TieredStopAtLevel=1 -Dfile.encoding=windows-1252 -Duser.country=AR -Duser.language=es -Duser.variant 
java_command: com.codeoftheweb.salvo.SalvoApplication
java_class_path (initial): C:\Users\Ignacio\Desktop\Nacho\A Programación\Java Academy\Ejercicios\Salvoes\src\main\resources;C:\Users\Ignacio\Desktop\Nacho\A Programación\Java Academy\Ejercicios\Salvoes\build\classes\java\main;C:\Users\Ignacio\.gradle\caches\modules-2\files-2.1\com.h2database\h2\1.4.200\f7533fe7cb8e99c87a43d325a77b4b678ad9031a\h2-1.4.200.jar;C:\Users\Ignacio\.gradle\caches\modules-2\files-2.1\jakarta.transaction\jakarta.transaction-api\1.3.3\c4179d48720a1e87202115fbed6089bdc4195405\jakarta.transaction-api-1.3.3.jar;C:\Users\Ignacio\.gradle\caches\modules-2\files-2.1\jakarta.persistence\jakarta.persistence-api\2.2.3\8f6ea5daedc614f07a3654a455660145286f024e\jakarta.persistence-api-2.2.3.jar;C:\Users\Ignacio\.gradle\caches\modules-2\files-2.1\org.hibernate\hibernate-core\5.4.23.Final\a0a0eaafeab33ebd42a1df1390070a3bd26db7c0\hibernate-core-5.4.23.Final.jar;C:\Users\Ignacio\.gradle\caches\modules-2\files-2.1\org.springframework.data\spring-data-jpa\2.4.1\ad179735be540e3514bda3cda6a4aa36f86f663e\spring-data-jpa-2.4.1.jar;C:\Users\Ignacio\.gradle\caches\modules-2\files-2.1\org.springframework\spring-aspects\5.3.1\968c9205f85589b5c102b3232f499fa90ec28a48\spring-aspects-5.3.1.jar;C:\Users\Ignacio\.gradle\caches\modules-2\files-2.1\org.springframework.data\spring-data-rest-webmvc\3.4.1\1564c6015248f59c670bd43c9ba09b8a71ced2af\spring-data-rest-webmvc-3.4.1.jar;C:\Users\Ignacio\.gradle\caches\modules-2\files-2.1\org.springframework.data\spring-data-rest-core\3.4.1\fcb7bfef4e4bc391eee214ce80387580b1fae85\spring-data-rest-core-3.4.1.jar;C:\Users\Ignacio\.gradle\caches\modules-2\files-2.1\org.springframework\spring-webmvc\5.3.1\17493978f251b7e51393cdf19f4f51af9c1f04f2\spring-webmvc-5.3.1.jar;C:\Users\Ignacio\.gradle\caches\modules-2\files-2.1\org.springframework.hateoas\spring-hateoas\1.2.1\e0944111fe52dc53bda26f4f7359aa99df40cc8e\spring-hateoas-1.2.1.jar;C:\Users\Ignacio\.gradle\caches\modules-2\files-2.1\org.springframework\spring-web\5.3.1\4e1e1d1c6b5a00597162
Launcher Type: SUN_STANDARD

[Global flags]
     bool BytecodeVerificationLocal                = false                                     {product} {command line}
     bool BytecodeVerificationRemote               = false                                     {product} {command line}
     intx CICompilerCount                          = 4                                         {product} {ergonomic}
     uint ConcGCThreads                            = 2                                         {product} {ergonomic}
     uint G1ConcRefinementThreads                  = 8                                         {product} {ergonomic}
   size_t G1HeapRegionSize                         = 1048576                                   {product} {ergonomic}
    uintx GCDrainStackTargetSize                   = 64                                        {product} {ergonomic}
   size_t InitialHeapSize                          = 100663296                                 {product} {ergonomic}
   size_t MarkStackSize                            = 4194304                                   {product} {ergonomic}
   size_t MaxHeapSize                              = 1602224128                                {product} {ergonomic}
   size_t MaxNewSize                               = 960495616                                 {product} {ergonomic}
   size_t MinHeapDeltaBytes                        = 1048576                                   {product} {ergonomic}
    uintx NonNMethodCodeHeapSize                   = 7549744                                {pd product} {ergonomic}
    uintx NonProfiledCodeHeapSize                  = 244108496                              {pd product} {ergonomic}
    uintx ProfiledCodeHeapSize                     = 0                                      {pd product} {ergonomic}
    uintx ReservedCodeCacheSize                    = 251658240                              {pd product} {ergonomic}
     bool SegmentedCodeCache                       = true                                      {product} {ergonomic}
     intx TieredStopAtLevel                        = 1                                         {product} {command line}
     bool UseCompressedClassPointers               = true                                 {lp64_product} {ergonomic}
     bool UseCompressedOops                        = true                                 {lp64_product} {ergonomic}
     bool UseG1GC                                  = true                                      {product} {ergonomic}
     bool UseLargePagesIndividualAllocation        = false                                  {pd product} {ergonomic}

Logging:
Log output configuration:
 #0: stdout all=warning uptime,level,tags
 #1: stderr all=off uptime,level,tags

Environment Variables:
JAVA_HOME=C:\Program Files\Java\jdk-11.0.8
CLASSPATH=%CATALINA%\common\lib\jsp-api.jar;.;C:\Program Files (x86)\QuickTime\QTSystem\QTJava.zip
PATH=C:\Program Files\Common Files\Oracle\Java\javapath;C:\Program Files (x86)\Common Files\Oracle\Java\javapath;C:\Program Files (x86)\Common Files\Intel\Shared Files\cpp\bin\Intel64;C:\Program Files (x86)\Intel\iCLS Client\;C:\Program Files\Intel\iCLS Client\;C:\WINDOWS\system32;C:\WINDOWS;C:\WINDOWS\System32\Wbem;C:\WINDOWS\System32\WindowsPowerShell\v1.0\;C:\Program Files (x86)\ATI Technologies\ATI.ACE\Core-Static;C:\Program Files\Intel\Intel(R) Management Engine Components\DAL;C:\Program Files\Intel\Intel(R) Management Engine Components\IPT;C:\Program Files (x86)\Intel\Intel(R) Management Engine Components\DAL;C:\Program Files (x86)\Intel\Intel(R) Management Engine Components\IPT;C:\Program Files (x86)\AMD\ATI.ACE\Core-Static;C:\Program Files (x86)\ESS\Components;C:\Program Files (x86)\QuickTime\QTSystem\;C:\WINDOWS\System32\OpenSSH\;C:\Program Files (x86)\IVI Foundation\VISA\WinNT\Bin\;C:\Program Files\IVI Foundation\VISA\Win64\Bin\;C:\Program Files (x86)\IVI Foundation\VISA\WinNT\Bin;C:\Program Files (x86)\IVI Foundation\IVI\bin;C:\Program Files\IVI Foundation\IVI\bin;C:\Program Files\Java\jdk1.8.0_241\bin;C:\Program Files\Git\cmd;C:\Program Files\nodejs\;C:\gradle-6.7.1\bin;C:\Users\Ignacio\AppData\Local\Microsoft\WindowsApps;C:\Users\Ignacio\AppData\Local\Programs\Microsoft VS Code\bin;C:\Users\Ignacio\AppData\Roaming\npm;C:\Program Files\Java\jdk-11.0.8\bin;C:\apache-maven-3.6.1\bin;
USERNAME=Ignacio
OS=Windows_NT
PROCESSOR_IDENTIFIER=Intel64 Family 6 Model 58 Stepping 9, GenuineIntel



---------------  S Y S T E M  ---------------

OS: Windows 10 , 64 bit Build 19041 (10.0.19041.546)

CPU:total 8 (initial active 8) (4 cores per cpu, 2 threads per core) family 6 model 58 stepping 9, cmov, cx8, fxsr, mmx, sse, sse2, sse3, ssse3, sse4.1, sse4.2, popcnt, avx, aes, clmul, erms, ht, tsc, tscinvbit, tscinv

Memory: 4k page, system-wide physical 6111M (721M free)
TotalPageFile size 7770M (AvailPageFile size 11M)
current process WorkingSet (physical memory assigned to process): 151M, peak: 151M
current process commit charge ("private bytes"): 215M, peak: 235M

vm_info: Java HotSpot(TM) 64-Bit Server VM (11.0.8+10-LTS) for windows-amd64 JRE (11.0.8+10-LTS), built on Jun 16 2020 05:53:08 by "mach5one" with unknown MS VC++:1916

END.
