#
# There is insufficient memory for the Java Runtime Environment to continue.
# Native memory allocation (malloc) failed to allocate 32744 bytes for ChunkPool::allocate
# Possible reasons:
#   The system is out of physical RAM or swap space
#   The process is running with CompressedOops enabled, and the Java Heap may be blocking the growth of the native heap
# Possible solutions:
#   Reduce memory load on the system
#   Increase physical memory or swap space
#   Check if swap backing store is full
#   Decrease Java heap size (-Xmx/-Xms)
#   Decrease number of Java threads
#   Decrease Java thread stack sizes (-Xss)
#   Set larger code cache with -XX:ReservedCodeCacheSize=
#   JVM is running with Unscaled Compressed Oops mode in which the Java heap is
#     placed in the first 4GB address space. The Java Heap base address is the
#     maximum limit for the native heap growth. Please use -XX:HeapBaseMinAddress
#     to set the Java Heap base and to place the Java Heap above 4GB virtual address.
# This output file may be truncated or incomplete.
#
#  Out of Memory Error (./open/src/hotspot/share/memory/arena.cpp:81), pid=8484, tid=6876
#
# JRE version: Java(TM) SE Runtime Environment 18.9 (11.0.8+10) (build 11.0.8+10-LTS)
# Java VM: Java HotSpot(TM) 64-Bit Server VM 18.9 (11.0.8+10-LTS, mixed mode, tiered, compressed oops, g1 gc, windows-amd64)
# No core dump will be written. Minidumps are not enabled by default on client versions of Windows
#

---------------  S U M M A R Y ------------

Command Line: -Xverify:none -XX:TieredStopAtLevel=1 -Dfile.encoding=windows-1252 -Duser.country=AR -Duser.language=es -Duser.variant com.codeoftheweb.salvo.SalvoApplication

Host: Intel(R) Core(TM) i7-3632QM CPU @ 2.20GHz, 8 cores, 5G,  Windows 10 , 64 bit Build 19041 (10.0.19041.546)
Time: Fri Nov 27 14:50:10 2020 Hora estándar de Argentina elapsed time: 12 seconds (0d 0h 0m 12s)

---------------  T H R E A D  ---------------

Current thread (0x0000017afeb5a800):  JavaThread "C1 CompilerThread0" daemon [_thread_in_native, id=6876, stack(0x0000006726400000,0x0000006726500000)]


Current CompileTask:
C1:  12973 4865   !   1       org.springframework.beans.factory.support.DefaultListableBeanFactory::doResolveDependency (530 bytes)

Stack: [0x0000006726400000,0x0000006726500000]
Native frames: (J=compiled Java code, j=interpreted, Vv=VM code, C=native code)
V  [jvm.dll+0x601aea]
V  [jvm.dll+0x737fef]
V  [jvm.dll+0x739675]
V  [jvm.dll+0x739cf3]
V  [jvm.dll+0x242848]
V  [jvm.dll+0xb9bcb]
V  [jvm.dll+0xb9f2c]
V  [jvm.dll+0x107796]
V  [jvm.dll+0x17b211]
V  [jvm.dll+0x11e3a1]
V  [jvm.dll+0x11e610]
V  [jvm.dll+0x11e8cf]
V  [jvm.dll+0x11db77]
V  [jvm.dll+0x11fa87]
V  [jvm.dll+0x20aaa4]
V  [jvm.dll+0x208b7b]
V  [jvm.dll+0x6ff90c]
V  [jvm.dll+0x6f845c]
V  [jvm.dll+0x600d66]
C  [ucrtbase.dll+0x214c2]
C  [KERNEL32.DLL+0x17034]
C  [ntdll.dll+0x4cec1]


---------------  P R O C E S S  ---------------

Threads class SMR info:
_java_thread_list=0x0000017a818b7060, length=28, elements={
0x0000017afeb3c800, 0x0000017afeb45800, 0x0000017afeb57000, 0x0000017afeb58000,
0x0000017afeb5a800, 0x0000017afeb6b000, 0x0000017aff5f2000, 0x0000017aff602000,
0x0000017a81535800, 0x0000017a81647000, 0x0000017a81840800, 0x0000017a81841000,
0x0000017a81892800, 0x0000017a81ccc800, 0x0000017a84066000, 0x0000017a84067000,
0x0000017a84068800, 0x0000017a84069000, 0x0000017a8406c800, 0x0000017a8406d800,
0x0000017a84067800, 0x0000017a8406e000, 0x0000017a8406a000, 0x0000017a8406b000,
0x0000017a8406b800, 0x0000017a8407f000, 0x0000017a84083000, 0x0000017a84080800
}

Java Threads: ( => current thread )
  0x0000017afeb3c800 JavaThread "Reference Handler" daemon [_thread_blocked, id=7896, stack(0x0000006726000000,0x0000006726100000)]
  0x0000017afeb45800 JavaThread "Finalizer" daemon [_thread_blocked, id=2288, stack(0x0000006726100000,0x0000006726200000)]
  0x0000017afeb57000 JavaThread "Signal Dispatcher" daemon [_thread_blocked, id=12636, stack(0x0000006726200000,0x0000006726300000)]
  0x0000017afeb58000 JavaThread "Attach Listener" daemon [_thread_blocked, id=11316, stack(0x0000006726300000,0x0000006726400000)]
=>0x0000017afeb5a800 JavaThread "C1 CompilerThread0" daemon [_thread_in_native, id=6876, stack(0x0000006726400000,0x0000006726500000)]
  0x0000017afeb6b000 JavaThread "Sweeper thread" daemon [_thread_blocked, id=15468, stack(0x0000006726500000,0x0000006726600000)]
  0x0000017aff5f2000 JavaThread "Service Thread" daemon [_thread_blocked, id=8432, stack(0x0000006726600000,0x0000006726700000)]
  0x0000017aff602000 JavaThread "Common-Cleaner" daemon [_thread_blocked, id=1764, stack(0x0000006726800000,0x0000006726900000)]
  0x0000017a81535800 JavaThread "HikariPool-1 housekeeper" daemon [_thread_blocked, id=15880, stack(0x0000006726a00000,0x0000006726b00000)]
  0x0000017a81647000 JavaThread "Catalina-utility-1" [_thread_blocked, id=10948, stack(0x0000006726f00000,0x0000006727000000)]
  0x0000017a81840800 JavaThread "Catalina-utility-2" [_thread_blocked, id=17152, stack(0x0000006727000000,0x0000006727100000)]
  0x0000017a81841000 JavaThread "container-0" [_thread_blocked, id=16016, stack(0x0000006727100000,0x0000006727200000)]
  0x0000017a81892800 JavaThread "task-1" [_thread_blocked, id=16920, stack(0x0000006727600000,0x0000006727700000)]
  0x0000017a81ccc800 JavaThread "task-2" [_thread_blocked, id=18000, stack(0x0000006727700000,0x0000006727800000)]
  0x0000017a84066000 JavaThread "http-nio-8080-BlockPoller" daemon [_thread_in_native, id=16808, stack(0x0000006727800000,0x0000006727900000)]
  0x0000017a84067000 JavaThread "http-nio-8080-exec-1" daemon [_thread_in_native, id=7152, stack(0x0000006727900000,0x0000006727a00000)]
  0x0000017a84068800 JavaThread "http-nio-8080-exec-2" daemon [_thread_blocked, id=8320, stack(0x0000006727a00000,0x0000006727b00000)]
  0x0000017a84069000 JavaThread "http-nio-8080-exec-3" daemon [_thread_blocked, id=4380, stack(0x0000006727b00000,0x0000006727c00000)]
  0x0000017a8406c800 JavaThread "http-nio-8080-exec-4" daemon [_thread_blocked, id=16868, stack(0x0000006727c00000,0x0000006727d00000)]
  0x0000017a8406d800 JavaThread "http-nio-8080-exec-5" daemon [_thread_blocked, id=16116, stack(0x0000006727d00000,0x0000006727e00000)]
  0x0000017a84067800 JavaThread "http-nio-8080-exec-6" daemon [_thread_blocked, id=14548, stack(0x0000006727e00000,0x0000006727f00000)]
  0x0000017a8406e000 JavaThread "http-nio-8080-exec-7" daemon [_thread_blocked, id=8972, stack(0x0000006727f00000,0x0000006728000000)]
  0x0000017a8406a000 JavaThread "http-nio-8080-exec-8" daemon [_thread_blocked, id=14056, stack(0x0000006728000000,0x0000006728100000)]
  0x0000017a8406b000 JavaThread "http-nio-8080-exec-9" daemon [_thread_blocked, id=10340, stack(0x0000006728100000,0x0000006728200000)]
  0x0000017a8406b800 JavaThread "http-nio-8080-exec-10" daemon [_thread_blocked, id=12800, stack(0x0000006728200000,0x0000006728300000)]
  0x0000017a8407f000 JavaThread "http-nio-8080-ClientPoller" daemon [_thread_in_native, id=17252, stack(0x0000006728300000,0x0000006728400000)]
  0x0000017a84083000 JavaThread "http-nio-8080-Acceptor" daemon [_thread_in_native, id=9492, stack(0x0000006728400000,0x0000006728500000)]
  0x0000017a84080800 JavaThread "DestroyJavaVM" [_thread_blocked, id=12268, stack(0x0000006725900000,0x0000006725a00000)]

Other Threads:
  0x0000017afeb17000 VMThread "VM Thread" [stack: 0x0000006725f00000,0x0000006726000000] [id=9300]
  0x0000017aff5f7000 WatcherThread [stack: 0x0000006726700000,0x0000006726800000] [id=5168]
  0x0000017ae1120800 GCTaskThread "GC Thread#0" [stack: 0x0000006725a00000,0x0000006725b00000] [id=13644]
  0x0000017a805b3800 GCTaskThread "GC Thread#1" [stack: 0x0000006726900000,0x0000006726a00000] [id=13180]
  0x0000017a80756000 GCTaskThread "GC Thread#2" [stack: 0x0000006726b00000,0x0000006726c00000] [id=10236]
  0x0000017a807e8800 GCTaskThread "GC Thread#3" [stack: 0x0000006726c00000,0x0000006726d00000] [id=10668]
  0x0000017a8184f000 GCTaskThread "GC Thread#4" [stack: 0x0000006727200000,0x0000006727300000] [id=7448]
  0x0000017a8184f800 GCTaskThread "GC Thread#5" [stack: 0x0000006727300000,0x0000006727400000] [id=13732]
  0x0000017a81850800 GCTaskThread "GC Thread#6" [stack: 0x0000006727400000,0x0000006727500000] [id=1128]
  0x0000017a81851000 GCTaskThread "GC Thread#7" [stack: 0x0000006727500000,0x0000006727600000] [id=3008]
  0x0000017ae1146800 ConcurrentGCThread "G1 Main Marker" [stack: 0x0000006725b00000,0x0000006725c00000] [id=12556]
  0x0000017ae1149000 ConcurrentGCThread "G1 Conc#0" [stack: 0x0000006725c00000,0x0000006725d00000] [id=6200]
  0x0000017a810c6800 ConcurrentGCThread "G1 Conc#1" [stack: 0x0000006726d00000,0x0000006726e00000] [id=9928]
  0x0000017afe990800 ConcurrentGCThread "G1 Refine#0" [stack: 0x0000006725d00000,0x0000006725e00000] [id=16644]
  0x0000017ae11c0800 ConcurrentGCThread "G1 Young RemSet Sampling" [stack: 0x0000006725e00000,0x0000006725f00000] [id=2044]

Threads with active compile tasks:
C1 CompilerThread0  12999 4865   !   1       org.springframework.beans.factory.support.DefaultListableBeanFactory::doResolveDependency (530 bytes)

VM state:not at safepoint (normal execution)

VM Mutex/Monitor currently owned by a thread: None

Heap address: 0x00000000a0800000, size: 1528 MB, Compressed Oops mode: 32-bit
Narrow klass base: 0x0000000000000000, Narrow klass shift: 3
Compressed class space size: 1073741824 Address: 0x0000000100000000

Heap:
 garbage-first heap   total 143360K, used 86538K [0x00000000a0800000, 0x0000000100000000)
  region size 1024K, 69 young (70656K), 9 survivors (9216K)
 Metaspace       used 58440K, capacity 60162K, committed 60420K, reserved 1101824K
  class space    used 7579K, capacity 8261K, committed 8320K, reserved 1048576K
Heap Regions: E=young(eden), S=young(survivor), O=old, HS=humongous(starts), HC=humongous(continues), CS=collection set, F=free, A=archive, TAMS=top-at-mark-start (previous, next)
|   0|0x00000000a0800000, 0x00000000a0900000, 0x00000000a0900000|100%|HS|  |TAMS 0x00000000a0900000, 0x00000000a0800000| Complete 
|   1|0x00000000a0900000, 0x00000000a0a00000, 0x00000000a0a00000|100%| O|  |TAMS 0x00000000a0a00000, 0x00000000a0900000| Untracked 
|   2|0x00000000a0a00000, 0x00000000a0b00000, 0x00000000a0b00000|100%| O|  |TAMS 0x00000000a0b00000, 0x00000000a0a00000| Untracked 
|   3|0x00000000a0b00000, 0x00000000a0c00000, 0x00000000a0c00000|100%| O|  |TAMS 0x00000000a0c00000, 0x00000000a0b00000| Untracked 
|   4|0x00000000a0c00000, 0x00000000a0d00000, 0x00000000a0d00000|100%| O|  |TAMS 0x00000000a0d00000, 0x00000000a0c00000| Untracked 
|   5|0x00000000a0d00000, 0x00000000a0e00000, 0x00000000a0e00000|100%| O|  |TAMS 0x00000000a0e00000, 0x00000000a0d00000| Untracked 
|   6|0x00000000a0e00000, 0x00000000a0f00000, 0x00000000a0f00000|100%| O|  |TAMS 0x00000000a0f00000, 0x00000000a0e00000| Untracked 
|   7|0x00000000a0f00000, 0x00000000a1000000, 0x00000000a1000000|100%| O|  |TAMS 0x00000000a1000000, 0x00000000a0f00000| Untracked 
|   8|0x00000000a1000000, 0x00000000a1100000, 0x00000000a1100000|100%| O|  |TAMS 0x00000000a1100000, 0x00000000a1000000| Untracked 
|   9|0x00000000a1100000, 0x00000000a1200000, 0x00000000a1200000|100%| O|  |TAMS 0x00000000a1200000, 0x00000000a1100000| Untracked 
|  10|0x00000000a1200000, 0x00000000a1300000, 0x00000000a1300000|100%| O|  |TAMS 0x00000000a1300000, 0x00000000a1200000| Untracked 
|  11|0x00000000a1300000, 0x00000000a1400000, 0x00000000a1400000|100%| O|  |TAMS 0x00000000a1400000, 0x00000000a1300000| Untracked 
|  12|0x00000000a1400000, 0x00000000a1500000, 0x00000000a1500000|100%| O|  |TAMS 0x00000000a1500000, 0x00000000a1400000| Untracked 
|  13|0x00000000a1500000, 0x00000000a1600000, 0x00000000a1600000|100%| O|  |TAMS 0x00000000a1600000, 0x00000000a1500000| Untracked 
|  14|0x00000000a1600000, 0x00000000a1700000, 0x00000000a1700000|100%| O|  |TAMS 0x00000000a1696000, 0x00000000a1600000| Untracked 
|  15|0x00000000a1700000, 0x00000000a1800000, 0x00000000a1800000|100%| O|  |TAMS 0x00000000a1700000, 0x00000000a1700000| Untracked 
|  16|0x00000000a1800000, 0x00000000a18a3c00, 0x00000000a1900000| 63%| O|  |TAMS 0x00000000a1800000, 0x00000000a1800000| Untracked 
|  17|0x00000000a1900000, 0x00000000a1900000, 0x00000000a1a00000|  0%| F|  |TAMS 0x00000000a1900000, 0x00000000a1900000| Untracked 
|  18|0x00000000a1a00000, 0x00000000a1a00000, 0x00000000a1b00000|  0%| F|  |TAMS 0x00000000a1a00000, 0x00000000a1a00000| Untracked 
|  19|0x00000000a1b00000, 0x00000000a1b00000, 0x00000000a1c00000|  0%| F|  |TAMS 0x00000000a1b00000, 0x00000000a1b00000| Untracked 
|  20|0x00000000a1c00000, 0x00000000a1c00000, 0x00000000a1d00000|  0%| F|  |TAMS 0x00000000a1c00000, 0x00000000a1c00000| Untracked 
|  21|0x00000000a1d00000, 0x00000000a1d00000, 0x00000000a1e00000|  0%| F|  |TAMS 0x00000000a1d00000, 0x00000000a1d00000| Untracked 
|  22|0x00000000a1e00000, 0x00000000a1e00000, 0x00000000a1f00000|  0%| F|  |TAMS 0x00000000a1e00000, 0x00000000a1e00000| Untracked 
|  23|0x00000000a1f00000, 0x00000000a1f00000, 0x00000000a2000000|  0%| F|  |TAMS 0x00000000a1f00000, 0x00000000a1f00000| Untracked 
|  24|0x00000000a2000000, 0x00000000a2000000, 0x00000000a2100000|  0%| F|  |TAMS 0x00000000a2000000, 0x00000000a2000000| Untracked 
|  25|0x00000000a2100000, 0x00000000a2100000, 0x00000000a2200000|  0%| F|  |TAMS 0x00000000a2100000, 0x00000000a2100000| Untracked 
|  26|0x00000000a2200000, 0x00000000a2200000, 0x00000000a2300000|  0%| F|  |TAMS 0x00000000a2200000, 0x00000000a2200000| Untracked 
|  27|0x00000000a2300000, 0x00000000a2300000, 0x00000000a2400000|  0%| F|  |TAMS 0x00000000a2300000, 0x00000000a2300000| Untracked 
|  28|0x00000000a2400000, 0x00000000a2400000, 0x00000000a2500000|  0%| F|  |TAMS 0x00000000a2400000, 0x00000000a2400000| Untracked 
|  29|0x00000000a2500000, 0x00000000a2500000, 0x00000000a2600000|  0%| F|  |TAMS 0x00000000a2500000, 0x00000000a2500000| Untracked 
|  30|0x00000000a2600000, 0x00000000a2600000, 0x00000000a2700000|  0%| F|  |TAMS 0x00000000a2600000, 0x00000000a2600000| Untracked 
|  31|0x00000000a2700000, 0x00000000a2700000, 0x00000000a2800000|  0%| F|  |TAMS 0x00000000a2700000, 0x00000000a2700000| Untracked 
|  32|0x00000000a2800000, 0x00000000a2800000, 0x00000000a2900000|  0%| F|  |TAMS 0x00000000a2800000, 0x00000000a2800000| Untracked 
|  33|0x00000000a2900000, 0x00000000a2900000, 0x00000000a2a00000|  0%| F|  |TAMS 0x00000000a2900000, 0x00000000a2900000| Untracked 
|  34|0x00000000a2a00000, 0x00000000a2a00000, 0x00000000a2b00000|  0%| F|  |TAMS 0x00000000a2a00000, 0x00000000a2a00000| Untracked 
|  35|0x00000000a2b00000, 0x00000000a2b00000, 0x00000000a2c00000|  0%| F|  |TAMS 0x00000000a2b00000, 0x00000000a2b00000| Untracked 
|  36|0x00000000a2c00000, 0x00000000a2c00000, 0x00000000a2d00000|  0%| F|  |TAMS 0x00000000a2c00000, 0x00000000a2c00000| Untracked 
|  37|0x00000000a2d00000, 0x00000000a2d00000, 0x00000000a2e00000|  0%| F|  |TAMS 0x00000000a2d00000, 0x00000000a2d00000| Untracked 
|  38|0x00000000a2e00000, 0x00000000a2e00000, 0x00000000a2f00000|  0%| F|  |TAMS 0x00000000a2e00000, 0x00000000a2e00000| Untracked 
|  39|0x00000000a2f00000, 0x00000000a2f00000, 0x00000000a3000000|  0%| F|  |TAMS 0x00000000a2f00000, 0x00000000a2f00000| Untracked 
|  40|0x00000000a3000000, 0x00000000a3000000, 0x00000000a3100000|  0%| F|  |TAMS 0x00000000a3000000, 0x00000000a3000000| Untracked 
|  41|0x00000000a3100000, 0x00000000a3100000, 0x00000000a3200000|  0%| F|  |TAMS 0x00000000a3100000, 0x00000000a3100000| Untracked 
|  42|0x00000000a3200000, 0x00000000a3200000, 0x00000000a3300000|  0%| F|  |TAMS 0x00000000a3200000, 0x00000000a3200000| Untracked 
|  43|0x00000000a3300000, 0x00000000a3300000, 0x00000000a3400000|  0%| F|  |TAMS 0x00000000a3300000, 0x00000000a3300000| Untracked 
|  44|0x00000000a3400000, 0x00000000a3400000, 0x00000000a3500000|  0%| F|  |TAMS 0x00000000a3400000, 0x00000000a3400000| Untracked 
|  45|0x00000000a3500000, 0x00000000a3500000, 0x00000000a3600000|  0%| F|  |TAMS 0x00000000a3500000, 0x00000000a3500000| Untracked 
|  46|0x00000000a3600000, 0x00000000a3600000, 0x00000000a3700000|  0%| F|  |TAMS 0x00000000a3600000, 0x00000000a3600000| Untracked 
|  47|0x00000000a3700000, 0x00000000a3700000, 0x00000000a3800000|  0%| F|  |TAMS 0x00000000a3700000, 0x00000000a3700000| Untracked 
|  48|0x00000000a3800000, 0x00000000a3800000, 0x00000000a3900000|  0%| F|  |TAMS 0x00000000a3800000, 0x00000000a3800000| Untracked 
|  49|0x00000000a3900000, 0x00000000a3900000, 0x00000000a3a00000|  0%| F|  |TAMS 0x00000000a3900000, 0x00000000a3900000| Untracked 
|  50|0x00000000a3a00000, 0x00000000a3a00000, 0x00000000a3b00000|  0%| F|  |TAMS 0x00000000a3a00000, 0x00000000a3a00000| Untracked 
|  51|0x00000000a3b00000, 0x00000000a3b00000, 0x00000000a3c00000|  0%| F|  |TAMS 0x00000000a3b00000, 0x00000000a3b00000| Untracked 
|  52|0x00000000a3c00000, 0x00000000a3c00000, 0x00000000a3d00000|  0%| F|  |TAMS 0x00000000a3c00000, 0x00000000a3c00000| Untracked 
|  53|0x00000000a3d00000, 0x00000000a3d00000, 0x00000000a3e00000|  0%| F|  |TAMS 0x00000000a3d00000, 0x00000000a3d00000| Untracked 
|  54|0x00000000a3e00000, 0x00000000a3e00000, 0x00000000a3f00000|  0%| F|  |TAMS 0x00000000a3e00000, 0x00000000a3e00000| Untracked 
|  55|0x00000000a3f00000, 0x00000000a3f00000, 0x00000000a4000000|  0%| F|  |TAMS 0x00000000a3f00000, 0x00000000a3f00000| Untracked 
|  56|0x00000000a4000000, 0x00000000a4000000, 0x00000000a4100000|  0%| F|  |TAMS 0x00000000a4000000, 0x00000000a4000000| Untracked 
|  57|0x00000000a4100000, 0x00000000a4100000, 0x00000000a4200000|  0%| F|  |TAMS 0x00000000a4100000, 0x00000000a4100000| Untracked 
|  58|0x00000000a4200000, 0x00000000a4200000, 0x00000000a4300000|  0%| F|  |TAMS 0x00000000a4200000, 0x00000000a4200000| Untracked 
|  59|0x00000000a4300000, 0x00000000a4300000, 0x00000000a4400000|  0%| F|  |TAMS 0x00000000a4300000, 0x00000000a4300000| Untracked 
|  60|0x00000000a4400000, 0x00000000a4400000, 0x00000000a4500000|  0%| F|  |TAMS 0x00000000a4400000, 0x00000000a4400000| Untracked 
|  61|0x00000000a4500000, 0x00000000a4500000, 0x00000000a4600000|  0%| F|  |TAMS 0x00000000a4500000, 0x00000000a4500000| Untracked 
|  62|0x00000000a4600000, 0x00000000a4600000, 0x00000000a4700000|  0%| F|  |TAMS 0x00000000a4600000, 0x00000000a4600000| Untracked 
|  63|0x00000000a4700000, 0x00000000a4700000, 0x00000000a4800000|  0%| F|  |TAMS 0x00000000a4700000, 0x00000000a4700000| Untracked 
|  64|0x00000000a4800000, 0x00000000a4800000, 0x00000000a4900000|  0%| F|  |TAMS 0x00000000a4800000, 0x00000000a4800000| Untracked 
|  65|0x00000000a4900000, 0x00000000a4900000, 0x00000000a4a00000|  0%| F|  |TAMS 0x00000000a4900000, 0x00000000a4900000| Untracked 
|  66|0x00000000a4a00000, 0x00000000a4a00000, 0x00000000a4b00000|  0%| F|  |TAMS 0x00000000a4a00000, 0x00000000a4a00000| Untracked 
|  67|0x00000000a4b00000, 0x00000000a4bdef60, 0x00000000a4c00000| 87%| S|CS|TAMS 0x00000000a4b00000, 0x00000000a4b00000| Complete 
|  68|0x00000000a4c00000, 0x00000000a4d00000, 0x00000000a4d00000|100%| S|CS|TAMS 0x00000000a4c00000, 0x00000000a4c00000| Complete 
|  69|0x00000000a4d00000, 0x00000000a4e00000, 0x00000000a4e00000|100%| S|CS|TAMS 0x00000000a4d00000, 0x00000000a4d00000| Complete 
|  70|0x00000000a4e00000, 0x00000000a4f00000, 0x00000000a4f00000|100%| S|CS|TAMS 0x00000000a4e00000, 0x00000000a4e00000| Complete 
|  71|0x00000000a4f00000, 0x00000000a5000000, 0x00000000a5000000|100%| S|CS|TAMS 0x00000000a4f00000, 0x00000000a4f00000| Complete 
|  72|0x00000000a5000000, 0x00000000a5100000, 0x00000000a5100000|100%| S|CS|TAMS 0x00000000a5000000, 0x00000000a5000000| Complete 
|  73|0x00000000a5100000, 0x00000000a5200000, 0x00000000a5200000|100%| S|CS|TAMS 0x00000000a5100000, 0x00000000a5100000| Complete 
|  74|0x00000000a5200000, 0x00000000a5300000, 0x00000000a5300000|100%| S|CS|TAMS 0x00000000a5200000, 0x00000000a5200000| Complete 
|  75|0x00000000a5300000, 0x00000000a5400000, 0x00000000a5400000|100%| S|CS|TAMS 0x00000000a5300000, 0x00000000a5300000| Complete 
|  76|0x00000000a5400000, 0x00000000a5400000, 0x00000000a5500000|  0%| F|  |TAMS 0x00000000a5400000, 0x00000000a5400000| Untracked 
|  77|0x00000000a5500000, 0x00000000a5500000, 0x00000000a5600000|  0%| F|  |TAMS 0x00000000a5500000, 0x00000000a5500000| Untracked 
|  78|0x00000000a5600000, 0x00000000a5600000, 0x00000000a5700000|  0%| F|  |TAMS 0x00000000a5600000, 0x00000000a5600000| Untracked 
|  79|0x00000000a5700000, 0x00000000a5700000, 0x00000000a5800000|  0%| F|  |TAMS 0x00000000a5700000, 0x00000000a5700000| Untracked 
|  80|0x00000000a5800000, 0x00000000a586f7a0, 0x00000000a5900000| 43%| E|  |TAMS 0x00000000a5800000, 0x00000000a5800000| Complete 
|  81|0x00000000a5900000, 0x00000000a5a00000, 0x00000000a5a00000|100%| E|CS|TAMS 0x00000000a5900000, 0x00000000a5900000| Complete 
|  82|0x00000000a5a00000, 0x00000000a5b00000, 0x00000000a5b00000|100%| E|CS|TAMS 0x00000000a5a00000, 0x00000000a5a00000| Complete 
|  83|0x00000000a5b00000, 0x00000000a5c00000, 0x00000000a5c00000|100%| E|CS|TAMS 0x00000000a5b00000, 0x00000000a5b00000| Complete 
|  84|0x00000000a5c00000, 0x00000000a5d00000, 0x00000000a5d00000|100%| E|CS|TAMS 0x00000000a5c00000, 0x00000000a5c00000| Complete 
|  85|0x00000000a5d00000, 0x00000000a5e00000, 0x00000000a5e00000|100%| E|CS|TAMS 0x00000000a5d00000, 0x00000000a5d00000| Complete 
|  86|0x00000000a5e00000, 0x00000000a5f00000, 0x00000000a5f00000|100%| E|CS|TAMS 0x00000000a5e00000, 0x00000000a5e00000| Complete 
|  87|0x00000000a5f00000, 0x00000000a6000000, 0x00000000a6000000|100%| E|CS|TAMS 0x00000000a5f00000, 0x00000000a5f00000| Complete 
|  88|0x00000000a6000000, 0x00000000a6100000, 0x00000000a6100000|100%| E|CS|TAMS 0x00000000a6000000, 0x00000000a6000000| Complete 
|  89|0x00000000a6100000, 0x00000000a6200000, 0x00000000a6200000|100%| E|CS|TAMS 0x00000000a6100000, 0x00000000a6100000| Complete 
|  90|0x00000000a6200000, 0x00000000a6300000, 0x00000000a6300000|100%| E|CS|TAMS 0x00000000a6200000, 0x00000000a6200000| Complete 
|  91|0x00000000a6300000, 0x00000000a6400000, 0x00000000a6400000|100%| E|CS|TAMS 0x00000000a6300000, 0x00000000a6300000| Complete 
|  92|0x00000000a6400000, 0x00000000a6500000, 0x00000000a6500000|100%| E|CS|TAMS 0x00000000a6400000, 0x00000000a6400000| Complete 
|  93|0x00000000a6500000, 0x00000000a6600000, 0x00000000a6600000|100%| E|CS|TAMS 0x00000000a6500000, 0x00000000a6500000| Complete 
|  94|0x00000000a6600000, 0x00000000a6700000, 0x00000000a6700000|100%| E|CS|TAMS 0x00000000a6600000, 0x00000000a6600000| Complete 
|  95|0x00000000a6700000, 0x00000000a6800000, 0x00000000a6800000|100%| E|CS|TAMS 0x00000000a6700000, 0x00000000a6700000| Complete 
|  96|0x00000000a6800000, 0x00000000a6900000, 0x00000000a6900000|100%| E|CS|TAMS 0x00000000a6800000, 0x00000000a6800000| Complete 
|  97|0x00000000a6900000, 0x00000000a6a00000, 0x00000000a6a00000|100%| E|CS|TAMS 0x00000000a6900000, 0x00000000a6900000| Complete 
|  98|0x00000000a6a00000, 0x00000000a6b00000, 0x00000000a6b00000|100%| E|CS|TAMS 0x00000000a6a00000, 0x00000000a6a00000| Complete 
|  99|0x00000000a6b00000, 0x00000000a6c00000, 0x00000000a6c00000|100%| E|CS|TAMS 0x00000000a6b00000, 0x00000000a6b00000| Complete 
| 100|0x00000000a6c00000, 0x00000000a6d00000, 0x00000000a6d00000|100%| E|CS|TAMS 0x00000000a6c00000, 0x00000000a6c00000| Complete 
| 101|0x00000000a6d00000, 0x00000000a6e00000, 0x00000000a6e00000|100%| E|CS|TAMS 0x00000000a6d00000, 0x00000000a6d00000| Complete 
| 102|0x00000000a6e00000, 0x00000000a6f00000, 0x00000000a6f00000|100%| E|CS|TAMS 0x00000000a6e00000, 0x00000000a6e00000| Complete 
| 103|0x00000000a6f00000, 0x00000000a7000000, 0x00000000a7000000|100%| E|CS|TAMS 0x00000000a6f00000, 0x00000000a6f00000| Complete 
| 104|0x00000000a7000000, 0x00000000a7100000, 0x00000000a7100000|100%| E|CS|TAMS 0x00000000a7000000, 0x00000000a7000000| Complete 
| 105|0x00000000a7100000, 0x00000000a7200000, 0x00000000a7200000|100%| E|CS|TAMS 0x00000000a7100000, 0x00000000a7100000| Complete 
| 106|0x00000000a7200000, 0x00000000a7300000, 0x00000000a7300000|100%| E|CS|TAMS 0x00000000a7200000, 0x00000000a7200000| Complete 
| 107|0x00000000a7300000, 0x00000000a7400000, 0x00000000a7400000|100%| E|CS|TAMS 0x00000000a7300000, 0x00000000a7300000| Complete 
| 108|0x00000000a7400000, 0x00000000a7500000, 0x00000000a7500000|100%| E|CS|TAMS 0x00000000a7400000, 0x00000000a7400000| Complete 
| 109|0x00000000a7500000, 0x00000000a7600000, 0x00000000a7600000|100%| E|CS|TAMS 0x00000000a7500000, 0x00000000a7500000| Complete 
| 110|0x00000000a7600000, 0x00000000a7700000, 0x00000000a7700000|100%| E|CS|TAMS 0x00000000a7600000, 0x00000000a7600000| Complete 
| 111|0x00000000a7700000, 0x00000000a7800000, 0x00000000a7800000|100%| E|CS|TAMS 0x00000000a7700000, 0x00000000a7700000| Complete 
| 112|0x00000000a7800000, 0x00000000a7900000, 0x00000000a7900000|100%| E|CS|TAMS 0x00000000a7800000, 0x00000000a7800000| Complete 
| 113|0x00000000a7900000, 0x00000000a7a00000, 0x00000000a7a00000|100%| E|CS|TAMS 0x00000000a7900000, 0x00000000a7900000| Complete 
| 114|0x00000000a7a00000, 0x00000000a7b00000, 0x00000000a7b00000|100%| E|CS|TAMS 0x00000000a7a00000, 0x00000000a7a00000| Complete 
| 115|0x00000000a7b00000, 0x00000000a7c00000, 0x00000000a7c00000|100%| E|CS|TAMS 0x00000000a7b00000, 0x00000000a7b00000| Complete 
| 116|0x00000000a7c00000, 0x00000000a7d00000, 0x00000000a7d00000|100%| E|CS|TAMS 0x00000000a7c00000, 0x00000000a7c00000| Complete 
| 117|0x00000000a7d00000, 0x00000000a7e00000, 0x00000000a7e00000|100%| E|CS|TAMS 0x00000000a7d00000, 0x00000000a7d00000| Complete 
| 118|0x00000000a7e00000, 0x00000000a7f00000, 0x00000000a7f00000|100%| E|CS|TAMS 0x00000000a7e00000, 0x00000000a7e00000| Complete 
| 119|0x00000000a7f00000, 0x00000000a8000000, 0x00000000a8000000|100%| E|CS|TAMS 0x00000000a7f00000, 0x00000000a7f00000| Complete 
| 120|0x00000000a8000000, 0x00000000a8100000, 0x00000000a8100000|100%| E|CS|TAMS 0x00000000a8000000, 0x00000000a8000000| Complete 
| 121|0x00000000a8100000, 0x00000000a8200000, 0x00000000a8200000|100%| E|CS|TAMS 0x00000000a8100000, 0x00000000a8100000| Complete 
| 122|0x00000000a8200000, 0x00000000a8300000, 0x00000000a8300000|100%| E|CS|TAMS 0x00000000a8200000, 0x00000000a8200000| Complete 
| 123|0x00000000a8300000, 0x00000000a8400000, 0x00000000a8400000|100%| E|CS|TAMS 0x00000000a8300000, 0x00000000a8300000| Complete 
| 124|0x00000000a8400000, 0x00000000a8500000, 0x00000000a8500000|100%| E|CS|TAMS 0x00000000a8400000, 0x00000000a8400000| Complete 
| 125|0x00000000a8500000, 0x00000000a8600000, 0x00000000a8600000|100%| E|CS|TAMS 0x00000000a8500000, 0x00000000a8500000| Complete 
| 126|0x00000000a8600000, 0x00000000a8700000, 0x00000000a8700000|100%| E|CS|TAMS 0x00000000a8600000, 0x00000000a8600000| Complete 
| 127|0x00000000a8700000, 0x00000000a8800000, 0x00000000a8800000|100%| E|CS|TAMS 0x00000000a8700000, 0x00000000a8700000| Complete 
| 128|0x00000000a8800000, 0x00000000a8900000, 0x00000000a8900000|100%| E|CS|TAMS 0x00000000a8800000, 0x00000000a8800000| Complete 
| 129|0x00000000a8900000, 0x00000000a8a00000, 0x00000000a8a00000|100%| E|CS|TAMS 0x00000000a8900000, 0x00000000a8900000| Complete 
| 130|0x00000000a8a00000, 0x00000000a8b00000, 0x00000000a8b00000|100%| E|CS|TAMS 0x00000000a8a00000, 0x00000000a8a00000| Complete 
| 131|0x00000000a8b00000, 0x00000000a8c00000, 0x00000000a8c00000|100%| E|CS|TAMS 0x00000000a8b00000, 0x00000000a8b00000| Complete 
| 132|0x00000000a8c00000, 0x00000000a8d00000, 0x00000000a8d00000|100%| E|CS|TAMS 0x00000000a8c00000, 0x00000000a8c00000| Complete 
| 133|0x00000000a8d00000, 0x00000000a8e00000, 0x00000000a8e00000|100%| E|CS|TAMS 0x00000000a8d00000, 0x00000000a8d00000| Complete 
| 134|0x00000000a8e00000, 0x00000000a8f00000, 0x00000000a8f00000|100%| E|CS|TAMS 0x00000000a8e00000, 0x00000000a8e00000| Complete 
| 135|0x00000000a8f00000, 0x00000000a9000000, 0x00000000a9000000|100%| E|CS|TAMS 0x00000000a8f00000, 0x00000000a8f00000| Complete 
| 136|0x00000000a9000000, 0x00000000a9100000, 0x00000000a9100000|100%| E|CS|TAMS 0x00000000a9000000, 0x00000000a9000000| Complete 
| 137|0x00000000a9100000, 0x00000000a9200000, 0x00000000a9200000|100%| E|CS|TAMS 0x00000000a9100000, 0x00000000a9100000| Complete 
| 138|0x00000000a9200000, 0x00000000a9300000, 0x00000000a9300000|100%| E|CS|TAMS 0x00000000a9200000, 0x00000000a9200000| Complete 
| 139|0x00000000a9300000, 0x00000000a9400000, 0x00000000a9400000|100%| E|CS|TAMS 0x00000000a9300000, 0x00000000a9300000| Complete 

Card table byte_map: [0x0000017af8b40000,0x0000017af8e40000] _byte_map_base: 0x0000017af863c000

Marking Bits (Prev, Next): (CMBitMap*) 0x0000017ae113fd88, (CMBitMap*) 0x0000017ae113fdc0
 Prev Bits: [0x0000017af9140000, 0x0000017afa920000)
 Next Bits: [0x0000017afa920000, 0x0000017afc100000)

Polling page: 0x0000017adf0d0000

Metaspace:

Usage:
  Non-class:     50.68 MB capacity,    49.69 MB ( 98%) used,   803.73 KB (  2%) free+waste,   214.00 KB ( <1%) overhead. 
      Class:      8.07 MB capacity,     7.41 MB ( 92%) used,   573.40 KB (  7%) free+waste,   104.13 KB (  1%) overhead. 
       Both:     58.75 MB capacity,    57.10 MB ( 97%) used,     1.34 MB (  2%) free+waste,   318.13 KB ( <1%) overhead. 

Virtual space:
  Non-class space:       52.00 MB reserved,      50.88 MB ( 98%) committed 
      Class space:        1.00 GB reserved,       8.13 MB ( <1%) committed 
             Both:        1.05 GB reserved,      59.00 MB (  5%) committed 

Chunk freelists:
   Non-Class:  6.38 KB
       Class:  3.38 KB
        Both:  9.75 KB

CodeHeap 'non-profiled nmethods': size=238336Kb used=8041Kb max_used=8041Kb free=230294Kb
 bounds [0x0000017ae9c40000, 0x0000017aea420000, 0x0000017af8500000]
CodeHeap 'non-nmethods': size=7424Kb used=1228Kb max_used=1228Kb free=6195Kb
 bounds [0x0000017ae9500000, 0x0000017ae9770000, 0x0000017ae9c40000]
 total_blobs=5426 nmethods=4832 adapters=519
 compilation: enabled
              stopped_count=0, restarted_count=0
 full_count=0

Compilation events (10 events):
Event: 12.954 Thread 0x0000017afeb5a800 nmethod 4855 0x0000017aea416890 code [0x0000017aea416aa0, 0x0000017aea416e30]
Event: 12.954 Thread 0x0000017afeb5a800 4856       1       org.springframework.asm.SymbolTable::addConstantMethodref (24 bytes)
Event: 12.955 Thread 0x0000017afeb5a800 nmethod 4856 0x0000017aea417110 code [0x0000017aea4172c0, 0x0000017aea417430]
Event: 12.955 Thread 0x0000017afeb5a800 4857       1       jdk.internal.org.objectweb.asm.ClassWriter::newConstItem (320 bytes)
Event: 12.956 Thread 0x0000017afeb5a800 nmethod 4857 0x0000017aea417f10 code [0x0000017aea4182c0, 0x0000017aea4193c0]
Event: 12.966 Thread 0x0000017afeb5a800 4863       1       java.util.regex.Matcher::match (154 bytes)
Event: 12.966 Thread 0x0000017afeb5a800 nmethod 4863 0x0000017aea419c90 code [0x0000017aea419e40, 0x0000017aea41a0c0]
Event: 12.967 Thread 0x0000017afeb5a800 4864       1       java.util.ArrayDeque$DeqIterator::hasNext (13 bytes)
Event: 12.967 Thread 0x0000017afeb5a800 nmethod 4864 0x0000017aea41a210 code [0x0000017aea41a3a0, 0x0000017aea41a4d8]
Event: 12.970 Thread 0x0000017afeb5a800 4865   !   1       org.springframework.beans.factory.support.DefaultListableBeanFactory::doResolveDependency (530 bytes)

GC Heap History (10 events):
Event: 3.672 GC heap before
{Heap before GC invocations=6 (full 0):
 garbage-first heap   total 118784K, used 77584K [0x00000000a0800000, 0x0000000100000000)
  region size 1024K, 69 young (70656K), 7 survivors (7168K)
 Metaspace       used 34240K, capacity 35276K, committed 35504K, reserved 1081344K
  class space    used 4110K, capacity 4527K, committed 4608K, reserved 1048576K
}
Event: 3.687 GC heap after
{Heap after GC invocations=7 (full 0):
 garbage-first heap   total 118784K, used 16896K [0x00000000a0800000, 0x0000000100000000)
  region size 1024K, 6 young (6144K), 6 survivors (6144K)
 Metaspace       used 34240K, capacity 35276K, committed 35504K, reserved 1081344K
  class space    used 4110K, capacity 4527K, committed 4608K, reserved 1048576K
}
Event: 3.743 GC heap before
{Heap before GC invocations=7 (full 0):
 garbage-first heap   total 118784K, used 22016K [0x00000000a0800000, 0x0000000100000000)
  region size 1024K, 12 young (12288K), 6 survivors (6144K)
 Metaspace       used 34774K, capacity 35799K, committed 35920K, reserved 1081344K
  class space    used 4176K, capacity 4594K, committed 4608K, reserved 1048576K
}
Event: 3.750 GC heap after
{Heap after GC invocations=8 (full 0):
 garbage-first heap   total 118784K, used 17703K [0x00000000a0800000, 0x0000000100000000)
  region size 1024K, 3 young (3072K), 3 survivors (3072K)
 Metaspace       used 34774K, capacity 35799K, committed 35920K, reserved 1081344K
  class space    used 4176K, capacity 4594K, committed 4608K, reserved 1048576K
}
Event: 4.261 GC heap before
{Heap before GC invocations=9 (full 0):
 garbage-first heap   total 118784K, used 64807K [0x00000000a0800000, 0x0000000100000000)
  region size 1024K, 50 young (51200K), 3 survivors (3072K)
 Metaspace       used 40413K, capacity 41534K, committed 41648K, reserved 1085440K
  class space    used 5084K, capacity 5563K, committed 5632K, reserved 1048576K
}
Event: 4.267 GC heap after
{Heap after GC invocations=10 (full 0):
 garbage-first heap   total 118784K, used 19625K [0x00000000a0800000, 0x0000000100000000)
  region size 1024K, 5 young (5120K), 5 survivors (5120K)
 Metaspace       used 40413K, capacity 41534K, committed 41648K, reserved 1085440K
  class space    used 5084K, capacity 5563K, committed 5632K, reserved 1048576K
}
Event: 5.150 GC heap before
{Heap before GC invocations=10 (full 0):
 garbage-first heap   total 118784K, used 69801K [0x00000000a0800000, 0x0000000100000000)
  region size 1024K, 55 young (56320K), 5 survivors (5120K)
 Metaspace       used 49101K, capacity 50312K, committed 50480K, reserved 1093632K
  class space    used 6301K, capacity 6783K, committed 6784K, reserved 1048576K
}
Event: 5.156 GC heap after
{Heap after GC invocations=11 (full 0):
 garbage-first heap   total 143360K, used 21722K [0x00000000a0800000, 0x0000000100000000)
  region size 1024K, 5 young (5120K), 5 survivors (5120K)
 Metaspace       used 49101K, capacity 50312K, committed 50480K, reserved 1093632K
  class space    used 6301K, capacity 6783K, committed 6784K, reserved 1048576K
}
Event: 5.975 GC heap before
{Heap before GC invocations=11 (full 0):
 garbage-first heap   total 143360K, used 87258K [0x00000000a0800000, 0x0000000100000000)
  region size 1024K, 69 young (70656K), 5 survivors (5120K)
 Metaspace       used 53573K, capacity 55178K, committed 55472K, reserved 1097728K
  class space    used 6921K, capacity 7555K, committed 7680K, reserved 1048576K
}
Event: 5.983 GC heap after
{Heap after GC invocations=12 (full 0):
 garbage-first heap   total 143360K, used 26122K [0x00000000a0800000, 0x0000000100000000)
  region size 1024K, 9 young (9216K), 9 survivors (9216K)
 Metaspace       used 53573K, capacity 55178K, committed 55472K, reserved 1097728K
  class space    used 6921K, capacity 7555K, committed 7680K, reserved 1048576K
}

Deoptimization events (0 events):
No events

Classes redefined (0 events):
No events

Internal exceptions (10 events):
Event: 6.381 Thread 0x0000017ae1109800 Exception <a 'java/lang/ClassNotFoundException'{0x00000000a6a200b0}: com/codeoftheweb/salvo/model/PlayerCustomizer> (0x00000000a6a200b0) thrown at [./open/src/hotspot/share/classfile/systemDictionary.cpp, line 228]
Event: 6.428 Thread 0x0000017ae1109800 Exception <a 'java/lang/ClassNotFoundException'{0x00000000a6890ce0}: java/lang/ObjectCustomizer> (0x00000000a6890ce0) thrown at [./open/src/hotspot/share/classfile/systemDictionary.cpp, line 228]
Event: 6.429 Thread 0x0000017ae1109800 Exception <a 'java/lang/ClassNotFoundException'{0x00000000a68a2250}: com/codeoftheweb/salvo/model/GameCustomizer> (0x00000000a68a2250) thrown at [./open/src/hotspot/share/classfile/systemDictionary.cpp, line 228]
Event: 6.447 Thread 0x0000017ae1109800 Exception <a 'java/lang/ClassNotFoundException'{0x00000000a67398b0}: java/lang/ObjectCustomizer> (0x00000000a67398b0) thrown at [./open/src/hotspot/share/classfile/systemDictionary.cpp, line 228]
Event: 6.447 Thread 0x0000017ae1109800 Exception <a 'java/lang/ClassNotFoundException'{0x00000000a674b410}: com/codeoftheweb/salvo/model/GamePlayerCustomizer> (0x00000000a674b410) thrown at [./open/src/hotspot/share/classfile/systemDictionary.cpp, line 228]
Event: 12.892 Thread 0x0000017a84067000 Exception <a 'java/lang/NoSuchMethodError'{0x00000000a5e0f550}: java.lang.invoke.DirectMethodHandle$Holder.invokeInterface(Ljava/lang/Object;Ljava/lang/Object;Ljava/lang/Object;Ljava/lang/Object;)Ljava/lang/Object;> (0x00000000a5e0f550) thrown at [./open/
Event: 12.911 Thread 0x0000017a84067000 Exception <a 'java/lang/NoSuchMethodError'{0x00000000a5d183f0}: java.lang.invoke.DirectMethodHandle$Holder.invokeStaticInit(Ljava/lang/Object;Ljava/lang/Object;Ljava/lang/Object;Ljava/lang/Object;Ljava/lang/Object;Ljava/lang/Object;)Ljava/lang/Object;> (0
Event: 12.954 Thread 0x0000017a84067000 Exception <a 'java/lang/NoSuchMethodError'{0x00000000a5b75460}: java.lang.invoke.Invokers$Holder.invoke_MT(Ljava/lang/Object;Ljava/lang/Object;Ljava/lang/Object;)Ljava/lang/Object;> (0x00000000a5b75460) thrown at [./open/src/hotspot/share/interpreter/link
Event: 12.955 Thread 0x0000017a84067000 Exception <a 'java/lang/NoSuchMethodError'{0x00000000a5b793d8}: java.lang.invoke.DirectMethodHandle$Holder.invokeStatic(Ljava/lang/Object;J)Ljava/lang/Object;> (0x00000000a5b793d8) thrown at [./open/src/hotspot/share/interpreter/linkResolver.cpp, line 772
Event: 12.955 Thread 0x0000017a84067000 Exception <a 'java/lang/NoSuchMethodError'{0x00000000a5b7f908}: java.lang.invoke.DelegatingMethodHandle$Holder.reinvoke_L(Ljava/lang/Object;Ljava/lang/Object;)J> (0x00000000a5b7f908) thrown at [./open/src/hotspot/share/interpreter/linkResolver.cpp, line 7

Events (10 events):
Event: 12.969 loading class org/springframework/web/servlet/mvc/method/annotation/ResponseBodyEmitter
Event: 12.969 loading class org/springframework/web/servlet/mvc/method/annotation/ResponseBodyEmitter done
Event: 12.969 loading class org/springframework/web/servlet/mvc/method/annotation/StreamingResponseBody
Event: 12.969 loading class org/springframework/web/servlet/mvc/method/annotation/StreamingResponseBody done
Event: 12.970 loading class org/springframework/http/server/ServletServerHttpResponse
Event: 12.970 loading class org/springframework/http/server/ServletServerHttpResponse done
Event: 12.971 loading class org/springframework/http/server/ServletServerHttpResponse$ServletResponseHttpHeaders
Event: 12.971 loading class org/springframework/http/server/ServletServerHttpResponse$ServletResponseHttpHeaders done
Event: 12.971 loading class org/springframework/core/io/InputStreamResource
Event: 12.971 loading class org/springframework/core/io/InputStreamResource done


Dynamic libraries:
0x00007ff6f8f20000 - 0x00007ff6f8f2f000 	C:\Program Files\Java\jdk-11.0.8\bin\java.exe
0x00007ffc048d0000 - 0x00007ffc04ac6000 	C:\WINDOWS\SYSTEM32\ntdll.dll
0x00007ffc04670000 - 0x00007ffc0472d000 	C:\WINDOWS\System32\KERNEL32.DLL
0x00007ffc025b0000 - 0x00007ffc02878000 	C:\WINDOWS\System32\KERNELBASE.dll
0x00007ffbff910000 - 0x00007ffbff9a0000 	C:\WINDOWS\SYSTEM32\apphelp.dll
0x00007ffc02350000 - 0x00007ffc02450000 	C:\WINDOWS\System32\ucrtbase.dll
0x00007ffbf19f0000 - 0x00007ffbf1a05000 	C:\Program Files\Java\jdk-11.0.8\bin\VCRUNTIME140.dll
0x00007ffbee890000 - 0x00007ffbee8a8000 	C:\Program Files\Java\jdk-11.0.8\bin\jli.dll
0x00007ffc04270000 - 0x00007ffc0431c000 	C:\WINDOWS\System32\ADVAPI32.dll
0x00007ffc040c0000 - 0x00007ffc0415e000 	C:\WINDOWS\System32\msvcrt.dll
0x00007ffc041d0000 - 0x00007ffc0426b000 	C:\WINDOWS\System32\sechost.dll
0x00007ffc03610000 - 0x00007ffc03734000 	C:\WINDOWS\System32\RPCRT4.dll
0x00007ffc03770000 - 0x00007ffc03910000 	C:\WINDOWS\System32\USER32.dll
0x00007ffc02250000 - 0x00007ffc02272000 	C:\WINDOWS\System32\win32u.dll
0x00007ffbf1fa0000 - 0x00007ffbf223b000 	C:\WINDOWS\WinSxS\amd64_microsoft.windows.common-controls_6595b64144ccf1df_6.0.19041.488_none_ca04af081b815d21\COMCTL32.dll
0x00007ffc03740000 - 0x00007ffc0376a000 	C:\WINDOWS\System32\GDI32.dll
0x00007ffc02010000 - 0x00007ffc02119000 	C:\WINDOWS\System32\gdi32full.dll
0x00007ffc02280000 - 0x00007ffc0231d000 	C:\WINDOWS\System32\msvcp_win.dll
0x00007ffbfc4a0000 - 0x00007ffbfc4aa000 	C:\WINDOWS\SYSTEM32\VERSION.dll
0x00007ffc03d30000 - 0x00007ffc03d60000 	C:\WINDOWS\System32\IMM32.DLL
0x00007ffbd7a50000 - 0x00007ffbd7aeb000 	C:\Program Files\Java\jdk-11.0.8\bin\msvcp140.dll
0x00007ffbb0370000 - 0x00007ffbb0e56000 	C:\Program Files\Java\jdk-11.0.8\bin\server\jvm.dll
0x00007ffc030e0000 - 0x00007ffc030e8000 	C:\WINDOWS\System32\PSAPI.DLL
0x00007ffbf7e90000 - 0x00007ffbf7eb7000 	C:\WINDOWS\SYSTEM32\WINMM.dll
0x00007ffbea5a0000 - 0x00007ffbea5a9000 	C:\WINDOWS\SYSTEM32\WSOCK32.dll
0x00007ffc04160000 - 0x00007ffc041cb000 	C:\WINDOWS\System32\WS2_32.dll
0x00007ffbfff60000 - 0x00007ffbfff72000 	C:\WINDOWS\SYSTEM32\kernel.appcore.dll
0x00007ffbfce70000 - 0x00007ffbfce80000 	C:\Program Files\Java\jdk-11.0.8\bin\verify.dll
0x00007ffbfa740000 - 0x00007ffbfa924000 	C:\WINDOWS\SYSTEM32\DBGHELP.DLL
0x00007ffbf5b70000 - 0x00007ffbf5b9c000 	C:\WINDOWS\SYSTEM32\dbgcore.DLL
0x00007ffc02120000 - 0x00007ffc0219f000 	C:\WINDOWS\System32\bcryptPrimitives.dll
0x00007ffbdbbd0000 - 0x00007ffbdbbf8000 	C:\Program Files\Java\jdk-11.0.8\bin\java.dll
0x00007ffbfce10000 - 0x00007ffbfce1a000 	C:\Program Files\Java\jdk-11.0.8\bin\jimage.dll
0x00007ffbdfa00000 - 0x00007ffbdfa16000 	C:\Program Files\Java\jdk-11.0.8\bin\zip.dll
0x00007ffc02990000 - 0x00007ffc030d1000 	C:\WINDOWS\System32\SHELL32.dll
0x00007ffc00160000 - 0x00007ffc008f5000 	C:\WINDOWS\SYSTEM32\windows.storage.dll
0x00007ffc03970000 - 0x00007ffc03cc5000 	C:\WINDOWS\System32\combase.dll
0x00007ffc01a10000 - 0x00007ffc01a3c000 	C:\WINDOWS\SYSTEM32\Wldp.dll
0x00007ffc03560000 - 0x00007ffc0360e000 	C:\WINDOWS\System32\SHCORE.dll
0x00007ffc02930000 - 0x00007ffc02985000 	C:\WINDOWS\System32\shlwapi.dll
0x00007ffc01f40000 - 0x00007ffc01f66000 	C:\WINDOWS\SYSTEM32\profapi.dll
0x00007ffbfd0d0000 - 0x00007ffbfd0e9000 	C:\Program Files\Java\jdk-11.0.8\bin\net.dll
0x00007ffbf7200000 - 0x00007ffbf7300000 	C:\WINDOWS\SYSTEM32\WINHTTP.dll
0x00007ffc01790000 - 0x00007ffc017fa000 	C:\WINDOWS\system32\mswsock.dll
0x00007ffbfcdc0000 - 0x00007ffbfcdd2000 	C:\Program Files\Java\jdk-11.0.8\bin\nio.dll
0x00007ffbfdec0000 - 0x00007ffbfdec9000 	C:\Program Files\Java\jdk-11.0.8\bin\management.dll
0x00007ffbfdea0000 - 0x00007ffbfdeab000 	C:\Program Files\Java\jdk-11.0.8\bin\management_ext.dll
0x00007ffbd84e0000 - 0x00007ffbd84f7000 	C:\WINDOWS\system32\napinsp.dll
0x00007ffbd84c0000 - 0x00007ffbd84db000 	C:\WINDOWS\system32\pnrpnsp.dll
0x00007ffbee640000 - 0x00007ffbee655000 	C:\WINDOWS\system32\wshbth.dll
0x00007ffbfdd80000 - 0x00007ffbfdd9d000 	C:\WINDOWS\system32\NLAapi.dll
0x00007ffc01420000 - 0x00007ffc0145b000 	C:\WINDOWS\SYSTEM32\IPHLPAPI.DLL
0x00007ffc01460000 - 0x00007ffc0152b000 	C:\WINDOWS\SYSTEM32\DNSAPI.dll
0x00007ffc04730000 - 0x00007ffc04738000 	C:\WINDOWS\System32\NSI.dll
0x00007ffbd8460000 - 0x00007ffbd8472000 	C:\WINDOWS\System32\winrnr.dll
0x00007ffbfa450000 - 0x00007ffbfa45a000 	C:\Windows\System32\rasadhlp.dll
0x00007ffbf70a0000 - 0x00007ffbf711f000 	C:\WINDOWS\System32\fwpuclnt.dll
0x00007ffc02320000 - 0x00007ffc02347000 	C:\WINDOWS\System32\bcrypt.dll
0x00007ffc01960000 - 0x00007ffc01978000 	C:\WINDOWS\SYSTEM32\CRYPTSP.dll
0x00007ffc010c0000 - 0x00007ffc010f4000 	C:\WINDOWS\system32\rsaenh.dll
0x00007ffc01ec0000 - 0x00007ffc01eee000 	C:\WINDOWS\SYSTEM32\USERENV.dll
0x00007ffc01980000 - 0x00007ffc0198c000 	C:\WINDOWS\SYSTEM32\CRYPTBASE.dll
0x00007ffbfbfd0000 - 0x00007ffbfbfe7000 	C:\WINDOWS\SYSTEM32\dhcpcsvc6.DLL
0x00007ffbfb290000 - 0x00007ffbfb2ad000 	C:\WINDOWS\SYSTEM32\dhcpcsvc.DLL

dbghelp: loaded successfully - version: 4.0.5 - missing functions: none
symbol engine: initialized successfully - sym options: 0x614 - pdb path: .;C:\Program Files\Java\jdk-11.0.8\bin;C:\WINDOWS\SYSTEM32;C:\WINDOWS\WinSxS\amd64_microsoft.windows.common-controls_6595b64144ccf1df_6.0.19041.488_none_ca04af081b815d21;C:\Program Files\Java\jdk-11.0.8\bin\server

VM Arguments:
jvm_args: -Xverify:none -XX:TieredStopAtLevel=1 -Dfile.encoding=windows-1252 -Duser.country=AR -Duser.language=es -Duser.variant 
java_command: com.codeoftheweb.salvo.SalvoApplication
java_class_path (initial): C:\Users\Ignacio\Desktop\Nacho\A Programación\Java Academy\Ejercicios\Salvoes\src\main\resources;C:\Users\Ignacio\Desktop\Nacho\A Programación\Java Academy\Ejercicios\Salvoes\build\classes\java\main;C:\Users\Ignacio\.gradle\caches\modules-2\files-2.1\com.h2database\h2\1.4.200\f7533fe7cb8e99c87a43d325a77b4b678ad9031a\h2-1.4.200.jar;C:\Users\Ignacio\.gradle\caches\modules-2\files-2.1\jakarta.transaction\jakarta.transaction-api\1.3.3\c4179d48720a1e87202115fbed6089bdc4195405\jakarta.transaction-api-1.3.3.jar;C:\Users\Ignacio\.gradle\caches\modules-2\files-2.1\jakarta.persistence\jakarta.persistence-api\2.2.3\8f6ea5daedc614f07a3654a455660145286f024e\jakarta.persistence-api-2.2.3.jar;C:\Users\Ignacio\.gradle\caches\modules-2\files-2.1\org.hibernate\hibernate-core\5.4.23.Final\a0a0eaafeab33ebd42a1df1390070a3bd26db7c0\hibernate-core-5.4.23.Final.jar;C:\Users\Ignacio\.gradle\caches\modules-2\files-2.1\org.springframework.data\spring-data-jpa\2.4.1\ad179735be540e3514bda3cda6a4aa36f86f663e\spring-data-jpa-2.4.1.jar;C:\Users\Ignacio\.gradle\caches\modules-2\files-2.1\org.springframework\spring-aspects\5.3.1\968c9205f85589b5c102b3232f499fa90ec28a48\spring-aspects-5.3.1.jar;C:\Users\Ignacio\.gradle\caches\modules-2\files-2.1\org.springframework.data\spring-data-rest-webmvc\3.4.1\1564c6015248f59c670bd43c9ba09b8a71ced2af\spring-data-rest-webmvc-3.4.1.jar;C:\Users\Ignacio\.gradle\caches\modules-2\files-2.1\org.springframework.data\spring-data-rest-core\3.4.1\fcb7bfef4e4bc391eee214ce80387580b1fae85\spring-data-rest-core-3.4.1.jar;C:\Users\Ignacio\.gradle\caches\modules-2\files-2.1\org.springframework\spring-webmvc\5.3.1\17493978f251b7e51393cdf19f4f51af9c1f04f2\spring-webmvc-5.3.1.jar;C:\Users\Ignacio\.gradle\caches\modules-2\files-2.1\org.springframework.hateoas\spring-hateoas\1.2.1\e0944111fe52dc53bda26f4f7359aa99df40cc8e\spring-hateoas-1.2.1.jar;C:\Users\Ignacio\.gradle\caches\modules-2\files-2.1\org.springframework\spring-web\5.3.1\4e1e1d1c6b5a00597162
Launcher Type: SUN_STANDARD

[Global flags]
     bool BytecodeVerificationLocal                = false                                     {product} {command line}
     bool BytecodeVerificationRemote               = false                                     {product} {command line}
     intx CICompilerCount                          = 4                                         {product} {ergonomic}
     uint ConcGCThreads                            = 2                                         {product} {ergonomic}
     uint G1ConcRefinementThreads                  = 8                                         {product} {ergonomic}
   size_t G1HeapRegionSize                         = 1048576                                   {product} {ergonomic}
    uintx GCDrainStackTargetSize                   = 64                                        {product} {ergonomic}
   size_t InitialHeapSize                          = 100663296                                 {product} {ergonomic}
   size_t MarkStackSize                            = 4194304                                   {product} {ergonomic}
   size_t MaxHeapSize                              = 1602224128                                {product} {ergonomic}
   size_t MaxNewSize                               = 960495616                                 {product} {ergonomic}
   size_t MinHeapDeltaBytes                        = 1048576                                   {product} {ergonomic}
    uintx NonNMethodCodeHeapSize                   = 7549744                                {pd product} {ergonomic}
    uintx NonProfiledCodeHeapSize                  = 244108496                              {pd product} {ergonomic}
    uintx ProfiledCodeHeapSize                     = 0                                      {pd product} {ergonomic}
    uintx ReservedCodeCacheSize                    = 251658240                              {pd product} {ergonomic}
     bool SegmentedCodeCache                       = true                                      {product} {ergonomic}
     intx TieredStopAtLevel                        = 1                                         {product} {command line}
     bool UseCompressedClassPointers               = true                                 {lp64_product} {ergonomic}
     bool UseCompressedOops                        = true                                 {lp64_product} {ergonomic}
     bool UseG1GC                                  = true                                      {product} {ergonomic}
     bool UseLargePagesIndividualAllocation        = false                                  {pd product} {ergonomic}

Logging:
Log output configuration:
 #0: stdout all=warning uptime,level,tags
 #1: stderr all=off uptime,level,tags

Environment Variables:
JAVA_HOME=C:\Program Files\Java\jdk-11.0.8
CLASSPATH=%CATALINA%\common\lib\jsp-api.jar;.;C:\Program Files (x86)\QuickTime\QTSystem\QTJava.zip
PATH=C:\Program Files\Common Files\Oracle\Java\javapath;C:\Program Files (x86)\Common Files\Oracle\Java\javapath;C:\Program Files (x86)\Common Files\Intel\Shared Files\cpp\bin\Intel64;C:\Program Files (x86)\Intel\iCLS Client\;C:\Program Files\Intel\iCLS Client\;C:\WINDOWS\system32;C:\WINDOWS;C:\WINDOWS\System32\Wbem;C:\WINDOWS\System32\WindowsPowerShell\v1.0\;C:\Program Files (x86)\ATI Technologies\ATI.ACE\Core-Static;C:\Program Files\Intel\Intel(R) Management Engine Components\DAL;C:\Program Files\Intel\Intel(R) Management Engine Components\IPT;C:\Program Files (x86)\Intel\Intel(R) Management Engine Components\DAL;C:\Program Files (x86)\Intel\Intel(R) Management Engine Components\IPT;C:\Program Files (x86)\AMD\ATI.ACE\Core-Static;C:\Program Files (x86)\ESS\Components;C:\Program Files (x86)\QuickTime\QTSystem\;C:\WINDOWS\System32\OpenSSH\;C:\Program Files (x86)\IVI Foundation\VISA\WinNT\Bin\;C:\Program Files\IVI Foundation\VISA\Win64\Bin\;C:\Program Files (x86)\IVI Foundation\VISA\WinNT\Bin;C:\Program Files (x86)\IVI Foundation\IVI\bin;C:\Program Files\IVI Foundation\IVI\bin;C:\Program Files\Java\jdk1.8.0_241\bin;C:\Program Files\Git\cmd;C:\Program Files\nodejs\;C:\gradle-6.7.1\bin;C:\Users\Ignacio\AppData\Local\Microsoft\WindowsApps;C:\Users\Ignacio\AppData\Local\Programs\Microsoft VS Code\bin;C:\Users\Ignacio\AppData\Roaming\npm;C:\Program Files\Java\jdk-11.0.8\bin;C:\apache-maven-3.6.1\bin;
USERNAME=Ignacio
OS=Windows_NT
PROCESSOR_IDENTIFIER=Intel64 Family 6 Model 58 Stepping 9, GenuineIntel



---------------  S Y S T E M  ---------------

OS: Windows 10 , 64 bit Build 19041 (10.0.19041.546)

CPU:total 8 (initial active 8) (4 cores per cpu, 2 threads per core) family 6 model 58 stepping 9, cmov, cx8, fxsr, mmx, sse, sse2, sse3, ssse3, sse4.1, sse4.2, popcnt, avx, aes, clmul, erms, ht, tsc, tscinvbit, tscinv

Memory: 4k page, system-wide physical 6111M (579M free)
TotalPageFile size 7770M (AvailPageFile size 4M)
current process WorkingSet (physical memory assigned to process): 245M, peak: 245M
current process commit charge ("private bytes"): 302M, peak: 302M

vm_info: Java HotSpot(TM) 64-Bit Server VM (11.0.8+10-LTS) for windows-amd64 JRE (11.0.8+10-LTS), built on Jun 16 2020 05:53:08 by "mach5one" with unknown MS VC++:1916

END.
